# Logfile created on Fri Sep 18 14:26:40 -0400 2009REQUESTING PAGE: GET /infos/new with {} and HTTP headers {}


Processing InfosController#new (for 127.0.0.1 at 2009-09-18 14:26:44) [GET]
  Parameters: {"action"=>"new", "controller"=>"infos"}


Processing ApplicationController#new (for 127.0.0.1 at 2009-09-18 14:26:44) [GET]
  Parameters: {"action"=>"new", "controller"=>"infos"}
REQUESTING PAGE: GET /infos/new with {} and HTTP headers {}


Processing InfosController#new (for 127.0.0.1 at 2009-09-18 14:27:19) [GET]
  Parameters: {"action"=>"new", "controller"=>"infos"}
Rendering template within layouts/application
Rendering infos/new
Rendered infos/_form (5.2ms)
Completed in 25ms (View: 20, DB: 0) | 200 OK [http://www.example.com/infos/new]
  [4;36;1mInfo Create (0.7ms)[0m   [0;1mINSERT INTO "infos" ("created_at", "title", "body", "updated_at") VALUES('2009-09-18 18:27:19', 'title 1', 'body 1', '2009-09-18 18:27:19')[0m
  [4;35;1mInfo Create (0.1ms)[0m   [0mINSERT INTO "infos" ("created_at", "title", "body", "updated_at") VALUES('2009-09-18 18:27:19', 'title 2', 'body 2', '2009-09-18 18:27:19')[0m
  [4;36;1mInfo Create (0.1ms)[0m   [0;1mINSERT INTO "infos" ("created_at", "title", "body", "updated_at") VALUES('2009-09-18 18:27:19', 'title 3', 'body 3', '2009-09-18 18:27:19')[0m
  [4;35;1mInfo Create (0.1ms)[0m   [0mINSERT INTO "infos" ("created_at", "title", "body", "updated_at") VALUES('2009-09-18 18:27:19', 'title 4', 'body 4', '2009-09-18 18:27:19')[0m
REQUESTING PAGE: GET http://www.example.com/infos with {} and HTTP headers {}


Processing InfosController#index (for 127.0.0.1 at 2009-09-18 14:27:19) [GET]
  Parameters: {"action"=>"index", "controller"=>"infos"}
  [4;36;1mInfo Load (0.6ms)[0m   [0;1mSELECT * FROM "infos" [0m
Rendering template within layouts/application
Rendering infos/index
Completed in 8ms (View: 6, DB: 2) | 200 OK [http://www.example.com/infos]
REQUESTING PAGE: DELETE /infos/3 with {} and HTTP headers {"HTTP_REFERER"=>"http://www.example.com/infos"}


Processing InfosController#destroy (for 127.0.0.1 at 2009-09-18 14:27:19) [DELETE]
  Parameters: {"action"=>"destroy", "id"=>"3", "controller"=>"infos"}
  [4;35;1mInfo Load (0.4ms)[0m   [0mSELECT * FROM "infos" WHERE ("infos"."id" = 3) [0m
  [4;36;1mInfo Destroy (0.2ms)[0m   [0;1mDELETE FROM "infos" WHERE "id" = 3[0m
Redirected to http://www.example.com/infos
Completed in 3ms (DB: 1) | 302 Found [http://www.example.com/infos/3]
REQUESTING PAGE: GET http://www.example.com/infos with {} and HTTP headers {"HTTP_REFERER"=>"/infos/3"}


Processing InfosController#index (for 127.0.0.1 at 2009-09-18 14:27:19) [GET]
  Parameters: {"action"=>"index", "controller"=>"infos"}
  [4;35;1mInfo Load (0.5ms)[0m   [0mSELECT * FROM "infos" [0m
Rendering template within layouts/application
Rendering infos/index
Completed in 6ms (View: 5, DB: 1) | 200 OK [http://www.example.com/infos]
REQUESTING PAGE: GET /infos/new with {} and HTTP headers {}


Processing InfosController#new (for 127.0.0.1 at 2009-09-18 14:27:58) [GET]
  Parameters: {"action"=>"new", "controller"=>"infos"}
Rendering template within layouts/application
Rendering infos/new
Rendered infos/_form (5.0ms)
Completed in 16ms (View: 12, DB: 0) | 200 OK [http://www.example.com/infos/new]
  [4;36;1mInfo Create (0.9ms)[0m   [0;1mINSERT INTO "infos" ("created_at", "title", "body", "updated_at") VALUES('2009-09-18 18:27:58', 'title 1', 'body 1', '2009-09-18 18:27:58')[0m
  [4;35;1mInfo Create (0.3ms)[0m   [0mINSERT INTO "infos" ("created_at", "title", "body", "updated_at") VALUES('2009-09-18 18:27:58', 'title 2', 'body 2', '2009-09-18 18:27:58')[0m
  [4;36;1mInfo Create (0.2ms)[0m   [0;1mINSERT INTO "infos" ("created_at", "title", "body", "updated_at") VALUES('2009-09-18 18:27:58', 'title 3', 'body 3', '2009-09-18 18:27:58')[0m
  [4;35;1mInfo Create (0.1ms)[0m   [0mINSERT INTO "infos" ("created_at", "title", "body", "updated_at") VALUES('2009-09-18 18:27:58', 'title 4', 'body 4', '2009-09-18 18:27:58')[0m
REQUESTING PAGE: GET http://www.example.com/infos with {} and HTTP headers {}


Processing InfosController#index (for 127.0.0.1 at 2009-09-18 14:27:58) [GET]
  Parameters: {"action"=>"index", "controller"=>"infos"}
  [4;36;1mInfo Load (0.7ms)[0m   [0;1mSELECT * FROM "infos" [0m
Rendering template within layouts/application
Rendering infos/index
Completed in 8ms (View: 6, DB: 2) | 200 OK [http://www.example.com/infos]
REQUESTING PAGE: DELETE /infos/3 with {} and HTTP headers {"HTTP_REFERER"=>"http://www.example.com/infos"}


Processing InfosController#destroy (for 127.0.0.1 at 2009-09-18 14:27:58) [DELETE]
  Parameters: {"action"=>"destroy", "id"=>"3", "controller"=>"infos"}
  [4;35;1mInfo Load (0.4ms)[0m   [0mSELECT * FROM "infos" WHERE ("infos"."id" = 3) [0m
  [4;36;1mInfo Destroy (0.2ms)[0m   [0;1mDELETE FROM "infos" WHERE "id" = 3[0m
Redirected to http://www.example.com/infos
Completed in 3ms (DB: 1) | 302 Found [http://www.example.com/infos/3]
REQUESTING PAGE: GET http://www.example.com/infos with {} and HTTP headers {"HTTP_REFERER"=>"/infos/3"}


Processing InfosController#index (for 127.0.0.1 at 2009-09-18 14:27:58) [GET]
  Parameters: {"action"=>"index", "controller"=>"infos"}
  [4;35;1mInfo Load (0.5ms)[0m   [0mSELECT * FROM "infos" [0m
Rendering template within layouts/application
Rendering infos/index
Completed in 6ms (View: 4, DB: 1) | 200 OK [http://www.example.com/infos]
REQUESTING PAGE: GET /infos/new with {} and HTTP headers {}


Processing InfosController#new (for 127.0.0.1 at 2009-09-18 14:30:52) [GET]
  Parameters: {"action"=>"new", "controller"=>"infos"}
Rendering template within layouts/application
Rendering infos/new
Rendered infos/_form (4.9ms)
Completed in 16ms (View: 12, DB: 0) | 200 OK [http://www.example.com/infos/new]
REQUESTING PAGE: POST /infos with {"commit"=>"Submit", "info"=>{"body"=>"body 1", "title"=>"title 1"}} and HTTP headers {"HTTP_REFERER"=>"/infos/new"}


Processing InfosController#create (for 127.0.0.1 at 2009-09-18 14:30:52) [POST]
  Parameters: {"commit"=>"Submit", "action"=>"create", "info"=>{"title"=>"title 1", "body"=>"body 1"}, "controller"=>"infos"}
  [4;36;1mInfo Create (1.2ms)[0m   [0;1mINSERT INTO "infos" ("created_at", "title", "body", "updated_at") VALUES('2009-09-18 18:30:52', 'title 1', 'body 1', '2009-09-18 18:30:52')[0m
Redirected to http://www.example.com/infos/1
Completed in 17ms (DB: 1) | 302 Found [http://www.example.com/infos]
REQUESTING PAGE: GET http://www.example.com/infos/1 with {} and HTTP headers {"HTTP_REFERER"=>"/infos"}


Processing InfosController#show (for 127.0.0.1 at 2009-09-18 14:30:52) [GET]
  Parameters: {"action"=>"show", "id"=>"1", "controller"=>"infos"}
  [4;35;1mInfo Load (0.3ms)[0m   [0mSELECT * FROM "infos" WHERE ("infos"."id" = 1) [0m
Rendering template within layouts/application
Rendering infos/show
Completed in 4ms (View: 3, DB: 0) | 200 OK [http://www.example.com/infos/1]
  [4;36;1mInfo Create (0.6ms)[0m   [0;1mINSERT INTO "infos" ("created_at", "title", "body", "updated_at") VALUES('2009-09-18 18:30:53', 'title 1', 'body 1', '2009-09-18 18:30:53')[0m
  [4;35;1mInfo Create (0.2ms)[0m   [0mINSERT INTO "infos" ("created_at", "title", "body", "updated_at") VALUES('2009-09-18 18:30:53', 'title 2', 'body 2', '2009-09-18 18:30:53')[0m
  [4;36;1mInfo Create (0.3ms)[0m   [0;1mINSERT INTO "infos" ("created_at", "title", "body", "updated_at") VALUES('2009-09-18 18:30:53', 'title 3', 'body 3', '2009-09-18 18:30:53')[0m
  [4;35;1mInfo Create (0.2ms)[0m   [0mINSERT INTO "infos" ("created_at", "title", "body", "updated_at") VALUES('2009-09-18 18:30:53', 'title 4', 'body 4', '2009-09-18 18:30:53')[0m
REQUESTING PAGE: GET http://www.example.com/infos with {} and HTTP headers {}


Processing InfosController#index (for 127.0.0.1 at 2009-09-18 14:30:53) [GET]
  Parameters: {"action"=>"index", "controller"=>"infos"}
  [4;36;1mInfo Load (0.6ms)[0m   [0;1mSELECT * FROM "infos" [0m
Rendering template within layouts/application
Rendering infos/index
Completed in 14ms (View: 13, DB: 2) | 200 OK [http://www.example.com/infos]
REQUESTING PAGE: DELETE /infos/3 with {} and HTTP headers {"HTTP_REFERER"=>"http://www.example.com/infos"}


Processing InfosController#destroy (for 127.0.0.1 at 2009-09-18 14:30:53) [DELETE]
  Parameters: {"action"=>"destroy", "id"=>"3", "controller"=>"infos"}
  [4;35;1mInfo Load (0.4ms)[0m   [0mSELECT * FROM "infos" WHERE ("infos"."id" = 3) [0m
  [4;36;1mInfo Destroy (0.2ms)[0m   [0;1mDELETE FROM "infos" WHERE "id" = 3[0m
Redirected to http://www.example.com/infos
Completed in 3ms (DB: 1) | 302 Found [http://www.example.com/infos/3]
REQUESTING PAGE: GET http://www.example.com/infos with {} and HTTP headers {"HTTP_REFERER"=>"/infos/3"}


Processing InfosController#index (for 127.0.0.1 at 2009-09-18 14:30:53) [GET]
  Parameters: {"action"=>"index", "controller"=>"infos"}
  [4;35;1mInfo Load (0.5ms)[0m   [0mSELECT * FROM "infos" [0m
Rendering template within layouts/application
Rendering infos/index
Completed in 6ms (View: 4, DB: 1) | 200 OK [http://www.example.com/infos]
REQUESTING PAGE: GET /infos/new with {} and HTTP headers {}


Processing InfosController#new (for 127.0.0.1 at 2009-09-18 14:39:51) [GET]
  Parameters: {"action"=>"new", "controller"=>"infos"}
Rendering template within layouts/application
Rendering infos/new
Rendered infos/_form (5.4ms)
Completed in 18ms (View: 13, DB: 0) | 200 OK [http://www.example.com/infos/new]
REQUESTING PAGE: GET /infos/new with {} and HTTP headers {}


Processing InfosController#new (for 127.0.0.1 at 2009-09-18 14:41:55) [GET]
  Parameters: {"action"=>"new", "controller"=>"infos"}
Rendering template within layouts/application
Rendering infos/new
Rendered infos/_form (5.1ms)
Completed in 21ms (View: 14, DB: 0) | 200 OK [http://www.example.com/infos/new]
REQUESTING PAGE: GET /infos/new with {} and HTTP headers {}


Processing InfosController#new (for 127.0.0.1 at 2009-09-18 14:43:24) [GET]
  Parameters: {"action"=>"new", "controller"=>"infos"}
Rendering template within layouts/application
Rendering infos/new
Rendered infos/_form (5.6ms)
Completed in 18ms (View: 13, DB: 0) | 200 OK [http://www.example.com/infos/new]
REQUESTING PAGE: GET /infos/new with {} and HTTP headers {}


Processing InfosController#new (for 127.0.0.1 at 2009-09-18 14:45:05) [GET]
  Parameters: {"action"=>"new", "controller"=>"infos"}
Rendering template within layouts/application
Rendering infos/new
Rendered infos/_form (5.1ms)
Completed in 16ms (View: 12, DB: 0) | 200 OK [http://www.example.com/infos/new]
  [4;36;1mUser Exists (0.3ms)[0m   [0;1mSELECT "users".id FROM "users" WHERE (LOWER("users"."email") = 'joe@example.com') LIMIT 1[0m
  [4;35;1mUser Exists (0.1ms)[0m   [0mSELECT "users".id FROM "users" WHERE (LOWER("users"."username") = 'joe') LIMIT 1[0m
  [4;36;1mUser Exists (0.1ms)[0m   [0;1mSELECT "users".id FROM "users" WHERE ("users"."persistence_token" = 'd4921db121dff6c322c6aa120c9e13419be477e1cf552c16735fa045effffaa267ab1636c41be571035481d122f1403151fe12a95fb0d977fa833186a61a4ea6') LIMIT 1[0m
  [4;35;1mUser Create (0.7ms)[0m   [0mINSERT INTO "users" ("created_at", "crypted_password", "updated_at", "username", "password_salt", "persistence_token", "email") VALUES('2009-09-18 18:45:06', 'c2a91070c0d767f167ee8ce974cc4f83e153f889134208ce1412272ed0e7b331bb1bb3ec617cdb6875f508478222313de4eb22a7fa8e0580ecc0dd7b6b1da96e', '2009-09-18 18:45:06', 'joe', 'zr3IeaD8289JzeXkEuVW', 'd4921db121dff6c322c6aa120c9e13419be477e1cf552c16735fa045effffaa267ab1636c41be571035481d122f1403151fe12a95fb0d977fa833186a61a4ea6', 'joe@example.com')[0m
REQUESTING PAGE: GET /login with {} and HTTP headers {}


Processing UserSessionsController#new (for 127.0.0.1 at 2009-09-18 14:45:06) [GET]
  Parameters: {"action"=>"new", "controller"=>"user_sessions"}
Rendering template within layouts/application
Rendering user_sessions/new
Completed in 7ms (View: 4, DB: 1) | 200 OK [http://www.example.com/login]
REQUESTING PAGE: POST /user_sessions with {"commit"=>"Log in", "user_session"=>{"username"=>"joe", "password"=>"secret"}} and HTTP headers {"HTTP_REFERER"=>"/login"}


Processing UserSessionsController#create (for 127.0.0.1 at 2009-09-18 14:45:06) [POST]
  Parameters: {"commit"=>"Log in", "user_session"=>{"username"=>"joe", "password"=>"[FILTERED]"}, "action"=>"create", "controller"=>"user_sessions"}
  [4;36;1mUser Load (0.5ms)[0m   [0;1mSELECT * FROM "users" WHERE (LOWER("users".username) = 'joe') LIMIT 1[0m
Redirected to http://www.example.com/
Completed in 6ms (DB: 0) | 302 Found [http://www.example.com/user_sessions]
REQUESTING PAGE: GET http://www.example.com/ with {} and HTTP headers {"HTTP_REFERER"=>"/user_sessions"}


Processing InfosController#index (for 127.0.0.1 at 2009-09-18 14:45:06) [GET]
  Parameters: {"action"=>"index", "controller"=>"infos"}
  [4;35;1mInfo Load (0.5ms)[0m   [0mSELECT * FROM "infos" [0m
Rendering template within layouts/application
Rendering infos/index
Completed in 6ms (View: 5, DB: 0) | 200 OK [http://www.example.com/]
REQUESTING PAGE: GET /infos/new with {} and HTTP headers {"HTTP_REFERER"=>"http://www.example.com/"}


Processing InfosController#new (for 127.0.0.1 at 2009-09-18 14:45:06) [GET]
  Parameters: {"action"=>"new", "controller"=>"infos"}
Rendering template within layouts/application
Rendering infos/new
Rendered infos/_form (1.5ms)
Completed in 4ms (View: 4, DB: 0) | 200 OK [http://www.example.com/infos/new]
REQUESTING PAGE: POST /infos with {"commit"=>"Submit", "info"=>{"body"=>"body 1", "title"=>"title 1"}} and HTTP headers {"HTTP_REFERER"=>"/infos/new"}


Processing InfosController#create (for 127.0.0.1 at 2009-09-18 14:45:06) [POST]
  Parameters: {"commit"=>"Submit", "action"=>"create", "info"=>{"title"=>"title 1", "body"=>"body 1"}, "controller"=>"infos"}
  [4;36;1mInfo Create (0.2ms)[0m   [0;1mINSERT INTO "infos" ("created_at", "title", "body", "updated_at") VALUES('2009-09-18 18:45:06', 'title 1', 'body 1', '2009-09-18 18:45:06')[0m
Redirected to http://www.example.com/infos/996332878
Completed in 6ms (DB: 0) | 302 Found [http://www.example.com/infos]
REQUESTING PAGE: GET http://www.example.com/infos/996332878 with {} and HTTP headers {"HTTP_REFERER"=>"/infos"}


Processing InfosController#show (for 127.0.0.1 at 2009-09-18 14:45:06) [GET]
  Parameters: {"action"=>"show", "id"=>"996332878", "controller"=>"infos"}
  [4;35;1mInfo Load (0.4ms)[0m   [0mSELECT * FROM "infos" WHERE ("infos"."id" = 996332878) [0m
Rendering template within layouts/application
Rendering infos/show
Completed in 6ms (View: 4, DB: 0) | 200 OK [http://www.example.com/infos/996332878]
  [4;36;1mUser Exists (0.4ms)[0m   [0;1mSELECT "users".id FROM "users" WHERE (LOWER("users"."email") = 'joe@example.com') LIMIT 1[0m
  [4;35;1mUser Exists (0.2ms)[0m   [0mSELECT "users".id FROM "users" WHERE (LOWER("users"."username") = 'joe') LIMIT 1[0m
  [4;36;1mUser Exists (0.1ms)[0m   [0;1mSELECT "users".id FROM "users" WHERE ("users"."persistence_token" = 'ad67e89643df1a3693486e474c649f0bcd1aacecd2cb3e563d3f84dbd7e8a3e6812873523a2d2ba39fac0a095f5021c684b4331af2a6f8ccb903f4c226add67d') LIMIT 1[0m
  [4;35;1mUser Load (0.2ms)[0m   [0mSELECT * FROM "users" WHERE ("users"."id" = '876516208') LIMIT 1[0m
  [4;36;1mUser Load (0.2ms)[0m   [0;1mSELECT * FROM "users" WHERE ("users"."id" = 876516208) LIMIT 1[0m
  [4;35;1mUser Create (0.5ms)[0m   [0mINSERT INTO "users" ("created_at", "crypted_password", "updated_at", "username", "password_salt", "persistence_token", "email") VALUES('2009-09-18 18:45:06', '3021e592dde38f96cece413e322dd259bb518133d2f43731940e379d75540aef52035a0f32616e935e73b1ec75299d5184e98f1dc7072d7626cee20f73a0e9d7', '2009-09-18 18:45:06', 'joe', '2yzFMGrD8m_a7M67cIT3', 'ad67e89643df1a3693486e474c649f0bcd1aacecd2cb3e563d3f84dbd7e8a3e6812873523a2d2ba39fac0a095f5021c684b4331af2a6f8ccb903f4c226add67d', 'joe@example.com')[0m
REQUESTING PAGE: GET /login with {} and HTTP headers {}


Processing UserSessionsController#new (for 127.0.0.1 at 2009-09-18 14:45:06) [GET]
  Parameters: {"action"=>"new", "controller"=>"user_sessions"}
Rendering template within layouts/application
Rendering user_sessions/new
Completed in 3ms (View: 2, DB: 2) | 200 OK [http://www.example.com/login]
REQUESTING PAGE: POST /user_sessions with {"commit"=>"Log in", "user_session"=>{"username"=>"joe", "password"=>"secret"}} and HTTP headers {"HTTP_REFERER"=>"/login"}


Processing UserSessionsController#create (for 127.0.0.1 at 2009-09-18 14:45:06) [POST]
  Parameters: {"commit"=>"Log in", "user_session"=>{"username"=>"joe", "password"=>"[FILTERED]"}, "action"=>"create", "controller"=>"user_sessions"}
  [4;36;1mUser Load (0.5ms)[0m   [0;1mSELECT * FROM "users" WHERE (LOWER("users".username) = 'joe') LIMIT 1[0m
Redirected to http://www.example.com/
Completed in 6ms (DB: 0) | 302 Found [http://www.example.com/user_sessions]
REQUESTING PAGE: GET http://www.example.com/ with {} and HTTP headers {"HTTP_REFERER"=>"/user_sessions"}


Processing InfosController#index (for 127.0.0.1 at 2009-09-18 14:45:06) [GET]
  Parameters: {"action"=>"index", "controller"=>"infos"}
  [4;35;1mInfo Load (0.5ms)[0m   [0mSELECT * FROM "infos" [0m
Rendering template within layouts/application
Rendering infos/index
Completed in 5ms (View: 4, DB: 0) | 200 OK [http://www.example.com/]
  [4;36;1mInfo Create (0.2ms)[0m   [0;1mINSERT INTO "infos" ("created_at", "title", "body", "updated_at") VALUES('2009-09-18 18:45:06', 'title 1', 'body 1', '2009-09-18 18:45:06')[0m
  [4;35;1mInfo Create (0.1ms)[0m   [0mINSERT INTO "infos" ("created_at", "title", "body", "updated_at") VALUES('2009-09-18 18:45:06', 'title 2', 'body 2', '2009-09-18 18:45:06')[0m
  [4;36;1mInfo Create (0.1ms)[0m   [0;1mINSERT INTO "infos" ("created_at", "title", "body", "updated_at") VALUES('2009-09-18 18:45:06', 'title 3', 'body 3', '2009-09-18 18:45:06')[0m
  [4;35;1mInfo Create (0.1ms)[0m   [0mINSERT INTO "infos" ("created_at", "title", "body", "updated_at") VALUES('2009-09-18 18:45:06', 'title 4', 'body 4', '2009-09-18 18:45:06')[0m
REQUESTING PAGE: GET http://www.example.com/infos with {} and HTTP headers {"HTTP_REFERER"=>"http://www.example.com/"}


Processing InfosController#index (for 127.0.0.1 at 2009-09-18 14:45:06) [GET]
  Parameters: {"action"=>"index", "controller"=>"infos"}
  [4;36;1mInfo Load (0.8ms)[0m   [0;1mSELECT * FROM "infos" [0m
Rendering template within layouts/application
Rendering infos/index
Completed in 15ms (View: 13, DB: 1) | 200 OK [http://www.example.com/infos]
REQUESTING PAGE: DELETE /infos/996332878 with {} and HTTP headers {"HTTP_REFERER"=>"http://www.example.com/infos"}


Processing InfosController#destroy (for 127.0.0.1 at 2009-09-18 14:45:06) [DELETE]
  Parameters: {"action"=>"destroy", "id"=>"996332878", "controller"=>"infos"}
  [4;35;1mInfo Load (0.4ms)[0m   [0mSELECT * FROM "infos" WHERE ("infos"."id" = 996332878) [0m
  [4;36;1mInfo Destroy (0.2ms)[0m   [0;1mDELETE FROM "infos" WHERE "id" = 996332878[0m
Redirected to http://www.example.com/infos
Completed in 3ms (DB: 1) | 302 Found [http://www.example.com/infos/996332878]
REQUESTING PAGE: GET http://www.example.com/infos with {} and HTTP headers {"HTTP_REFERER"=>"/infos/996332878"}


Processing InfosController#index (for 127.0.0.1 at 2009-09-18 14:45:06) [GET]
  Parameters: {"action"=>"index", "controller"=>"infos"}
  [4;35;1mInfo Load (0.7ms)[0m   [0mSELECT * FROM "infos" [0m
Rendering template within layouts/application
Rendering infos/index
Completed in 9ms (View: 7, DB: 1) | 200 OK [http://www.example.com/infos]
REQUESTING PAGE: GET /infos/new with {} and HTTP headers {}


Processing InfosController#new (for 127.0.0.1 at 2009-09-18 14:45:29) [GET]
  Parameters: {"action"=>"new", "controller"=>"infos"}
Rendering template within layouts/application
Rendering infos/new
Rendered infos/_form (5.3ms)
Completed in 17ms (View: 12, DB: 0) | 200 OK [http://www.example.com/infos/new]
  [4;36;1mUser Exists (0.4ms)[0m   [0;1mSELECT "users".id FROM "users" WHERE (LOWER("users"."email") = 'joe@example.com') LIMIT 1[0m
  [4;35;1mUser Exists (0.1ms)[0m   [0mSELECT "users".id FROM "users" WHERE (LOWER("users"."username") = 'joe') LIMIT 1[0m
  [4;36;1mUser Exists (0.1ms)[0m   [0;1mSELECT "users".id FROM "users" WHERE ("users"."persistence_token" = '029e0210939992def9192f78bb2bc2aeff0718cc1714b434a34f2e7dfc48b8ae3b78a20f76fa4a5b2de1a297f0110c230907e99d8c58a4452c8e78133b127ee2') LIMIT 1[0m
  [4;35;1mUser Create (0.7ms)[0m   [0mINSERT INTO "users" ("created_at", "crypted_password", "updated_at", "username", "password_salt", "persistence_token", "email") VALUES('2009-09-18 18:45:29', '6bdf36eb9d7c7275858c79a60f2b39a45a82a301409a4d3b8651de014aacd6a7bb390a6a4aef116a341721f4df92fb1a72836a67f1bd0e0fc842b7879e03b35a', '2009-09-18 18:45:29', 'joe', '3hLiMiQ1vPtzAWgJuhj9', '029e0210939992def9192f78bb2bc2aeff0718cc1714b434a34f2e7dfc48b8ae3b78a20f76fa4a5b2de1a297f0110c230907e99d8c58a4452c8e78133b127ee2', 'joe@example.com')[0m
REQUESTING PAGE: GET /login with {} and HTTP headers {}


Processing UserSessionsController#new (for 127.0.0.1 at 2009-09-18 14:45:29) [GET]
  Parameters: {"action"=>"new", "controller"=>"user_sessions"}
Rendering template within layouts/application
Rendering user_sessions/new
Completed in 7ms (View: 4, DB: 1) | 200 OK [http://www.example.com/login]
REQUESTING PAGE: POST /user_sessions with {"commit"=>"Log in", "user_session"=>{"username"=>"joe", "password"=>"secret"}} and HTTP headers {"HTTP_REFERER"=>"/login"}


Processing UserSessionsController#create (for 127.0.0.1 at 2009-09-18 14:45:29) [POST]
  Parameters: {"commit"=>"Log in", "user_session"=>{"username"=>"joe", "password"=>"[FILTERED]"}, "action"=>"create", "controller"=>"user_sessions"}
  [4;36;1mUser Load (0.4ms)[0m   [0;1mSELECT * FROM "users" WHERE (LOWER("users".username) = 'joe') LIMIT 1[0m
Redirected to http://www.example.com/
Completed in 6ms (DB: 0) | 302 Found [http://www.example.com/user_sessions]
REQUESTING PAGE: GET http://www.example.com/ with {} and HTTP headers {"HTTP_REFERER"=>"/user_sessions"}


Processing InfosController#index (for 127.0.0.1 at 2009-09-18 14:45:29) [GET]
  Parameters: {"action"=>"index", "controller"=>"infos"}
  [4;35;1mInfo Load (0.2ms)[0m   [0mSELECT * FROM "infos" [0m
Rendering template within layouts/application
Rendering infos/index
Completed in 4ms (View: 2, DB: 0) | 200 OK [http://www.example.com/]
REQUESTING PAGE: GET /infos/new with {} and HTTP headers {"HTTP_REFERER"=>"http://www.example.com/"}


Processing InfosController#new (for 127.0.0.1 at 2009-09-18 14:45:29) [GET]
  Parameters: {"action"=>"new", "controller"=>"infos"}
Rendering template within layouts/application
Rendering infos/new
Rendered infos/_form (1.6ms)
Completed in 4ms (View: 4, DB: 0) | 200 OK [http://www.example.com/infos/new]
REQUESTING PAGE: POST /infos with {"commit"=>"Submit", "info"=>{"body"=>"body 1", "title"=>"title 1"}} and HTTP headers {"HTTP_REFERER"=>"/infos/new"}


Processing InfosController#create (for 127.0.0.1 at 2009-09-18 14:45:29) [POST]
  Parameters: {"commit"=>"Submit", "action"=>"create", "info"=>{"title"=>"title 1", "body"=>"body 1"}, "controller"=>"infos"}
  [4;36;1mInfo Create (0.3ms)[0m   [0;1mINSERT INTO "infos" ("created_at", "title", "body", "updated_at") VALUES('2009-09-18 18:45:29', 'title 1', 'body 1', '2009-09-18 18:45:29')[0m
Redirected to http://www.example.com/infos/1
Completed in 5ms (DB: 0) | 302 Found [http://www.example.com/infos]
REQUESTING PAGE: GET http://www.example.com/infos/1 with {} and HTTP headers {"HTTP_REFERER"=>"/infos"}


Processing InfosController#show (for 127.0.0.1 at 2009-09-18 14:45:29) [GET]
  Parameters: {"action"=>"show", "id"=>"1", "controller"=>"infos"}
  [4;35;1mInfo Load (0.4ms)[0m   [0mSELECT * FROM "infos" WHERE ("infos"."id" = 1) [0m
Rendering template within layouts/application
Rendering infos/show
Completed in 6ms (View: 4, DB: 0) | 200 OK [http://www.example.com/infos/1]
  [4;36;1mUser Exists (0.3ms)[0m   [0;1mSELECT "users".id FROM "users" WHERE (LOWER("users"."email") = 'joe@example.com') LIMIT 1[0m
  [4;35;1mUser Exists (0.1ms)[0m   [0mSELECT "users".id FROM "users" WHERE (LOWER("users"."username") = 'joe') LIMIT 1[0m
  [4;36;1mUser Exists (0.1ms)[0m   [0;1mSELECT "users".id FROM "users" WHERE ("users"."persistence_token" = '7c6f4dd58bbb2d26fa49a3a51a63dfe36109a698b110d3d0e9d0d6e3798b6addbe953703ff1274f3c233774397f6cd9a84451676e206246dcb7245ddf9c2a44c') LIMIT 1[0m
  [4;35;1mUser Load (0.2ms)[0m   [0mSELECT * FROM "users" WHERE ("users"."id" = '1') LIMIT 1[0m
  [4;36;1mUser Load (0.2ms)[0m   [0;1mSELECT * FROM "users" WHERE ("users"."id" = 1) LIMIT 1[0m
  [4;35;1mUser Create (0.5ms)[0m   [0mINSERT INTO "users" ("created_at", "crypted_password", "updated_at", "username", "password_salt", "persistence_token", "email") VALUES('2009-09-18 18:45:30', '43bcf96daee96b38890a2da3d597e3da0f0e4da984f6b4ab36a93bddb4de1c534be5a2c4a5285ccb83ba0c508b16d11d02e1875038fa48010079dd073c2e7c49', '2009-09-18 18:45:30', 'joe', '0SbPhz7_TZq-6Q7GPwlx', '7c6f4dd58bbb2d26fa49a3a51a63dfe36109a698b110d3d0e9d0d6e3798b6addbe953703ff1274f3c233774397f6cd9a84451676e206246dcb7245ddf9c2a44c', 'joe@example.com')[0m
REQUESTING PAGE: GET /login with {} and HTTP headers {}


Processing UserSessionsController#new (for 127.0.0.1 at 2009-09-18 14:45:30) [GET]
  Parameters: {"action"=>"new", "controller"=>"user_sessions"}
Rendering template within layouts/application
Rendering user_sessions/new
Completed in 3ms (View: 2, DB: 1) | 200 OK [http://www.example.com/login]
REQUESTING PAGE: POST /user_sessions with {"commit"=>"Log in", "user_session"=>{"username"=>"joe", "password"=>"secret"}} and HTTP headers {"HTTP_REFERER"=>"/login"}


Processing UserSessionsController#create (for 127.0.0.1 at 2009-09-18 14:45:30) [POST]
  Parameters: {"commit"=>"Log in", "user_session"=>{"username"=>"joe", "password"=>"[FILTERED]"}, "action"=>"create", "controller"=>"user_sessions"}
  [4;36;1mUser Load (0.5ms)[0m   [0;1mSELECT * FROM "users" WHERE (LOWER("users".username) = 'joe') LIMIT 1[0m
Redirected to http://www.example.com/
Completed in 6ms (DB: 0) | 302 Found [http://www.example.com/user_sessions]
REQUESTING PAGE: GET http://www.example.com/ with {} and HTTP headers {"HTTP_REFERER"=>"/user_sessions"}


Processing InfosController#index (for 127.0.0.1 at 2009-09-18 14:45:30) [GET]
  Parameters: {"action"=>"index", "controller"=>"infos"}
  [4;35;1mInfo Load (0.2ms)[0m   [0mSELECT * FROM "infos" [0m
Rendering template within layouts/application
Rendering infos/index
Completed in 123ms (View: 2, DB: 0) | 200 OK [http://www.example.com/]
  [4;36;1mInfo Create (0.2ms)[0m   [0;1mINSERT INTO "infos" ("created_at", "title", "body", "updated_at") VALUES('2009-09-18 18:45:30', 'title 1', 'body 1', '2009-09-18 18:45:30')[0m
  [4;35;1mInfo Create (0.1ms)[0m   [0mINSERT INTO "infos" ("created_at", "title", "body", "updated_at") VALUES('2009-09-18 18:45:30', 'title 2', 'body 2', '2009-09-18 18:45:30')[0m
  [4;36;1mInfo Create (0.2ms)[0m   [0;1mINSERT INTO "infos" ("created_at", "title", "body", "updated_at") VALUES('2009-09-18 18:45:30', 'title 3', 'body 3', '2009-09-18 18:45:30')[0m
  [4;35;1mInfo Create (0.2ms)[0m   [0mINSERT INTO "infos" ("created_at", "title", "body", "updated_at") VALUES('2009-09-18 18:45:30', 'title 4', 'body 4', '2009-09-18 18:45:30')[0m
REQUESTING PAGE: GET http://www.example.com/infos with {} and HTTP headers {"HTTP_REFERER"=>"http://www.example.com/"}


Processing InfosController#index (for 127.0.0.1 at 2009-09-18 14:45:30) [GET]
  Parameters: {"action"=>"index", "controller"=>"infos"}
  [4;36;1mInfo Load (0.8ms)[0m   [0;1mSELECT * FROM "infos" [0m
Rendering template within layouts/application
Rendering infos/index
Completed in 9ms (View: 7, DB: 2) | 200 OK [http://www.example.com/infos]
REQUESTING PAGE: DELETE /infos/3 with {} and HTTP headers {"HTTP_REFERER"=>"http://www.example.com/infos"}


Processing InfosController#destroy (for 127.0.0.1 at 2009-09-18 14:45:30) [DELETE]
  Parameters: {"action"=>"destroy", "id"=>"3", "controller"=>"infos"}
  [4;35;1mInfo Load (0.4ms)[0m   [0mSELECT * FROM "infos" WHERE ("infos"."id" = 3) [0m
  [4;36;1mInfo Destroy (0.2ms)[0m   [0;1mDELETE FROM "infos" WHERE "id" = 3[0m
Redirected to http://www.example.com/infos
Completed in 3ms (DB: 1) | 302 Found [http://www.example.com/infos/3]
REQUESTING PAGE: GET http://www.example.com/infos with {} and HTTP headers {"HTTP_REFERER"=>"/infos/3"}


Processing InfosController#index (for 127.0.0.1 at 2009-09-18 14:45:30) [GET]
  Parameters: {"action"=>"index", "controller"=>"infos"}
  [4;35;1mInfo Load (0.6ms)[0m   [0mSELECT * FROM "infos" [0m
Rendering template within layouts/application
Rendering infos/index
Completed in 6ms (View: 5, DB: 1) | 200 OK [http://www.example.com/infos]
REQUESTING PAGE: GET /infos/new with {} and HTTP headers {}


Processing InfosController#new (for 127.0.0.1 at 2009-09-18 14:46:41) [GET]
  Parameters: {"action"=>"new", "controller"=>"infos"}
Redirected to http://www.example.com/login
Filter chain halted as [:login_required] rendered_or_redirected.
Completed in 3ms (DB: 0) | 302 Found [http://www.example.com/infos/new]
REQUESTING PAGE: GET http://www.example.com/login with {} and HTTP headers {"HTTP_REFERER"=>"/infos/new"}


Processing UserSessionsController#new (for 127.0.0.1 at 2009-09-18 14:46:41) [GET]
  Parameters: {"action"=>"new", "controller"=>"user_sessions"}
Rendering template within layouts/application
Rendering user_sessions/new
Completed in 11ms (View: 8, DB: 0) | 200 OK [http://www.example.com/login]
  [4;36;1mUser Exists (0.4ms)[0m   [0;1mSELECT "users".id FROM "users" WHERE (LOWER("users"."email") = 'joe@example.com') LIMIT 1[0m
  [4;35;1mUser Exists (0.1ms)[0m   [0mSELECT "users".id FROM "users" WHERE (LOWER("users"."username") = 'joe') LIMIT 1[0m
  [4;36;1mUser Exists (0.2ms)[0m   [0;1mSELECT "users".id FROM "users" WHERE ("users"."persistence_token" = '66435148ee185fd7bffd55434accaeab36b133ef6357791c3c3e40e6b62238680b87c0f504720f6869b8fc1439bb691e2689db13c9cb876c8423b25e9616e6a4') LIMIT 1[0m
  [4;35;1mUser Create (1.1ms)[0m   [0mINSERT INTO "users" ("created_at", "crypted_password", "updated_at", "username", "password_salt", "persistence_token", "email") VALUES('2009-09-18 18:46:41', '3aa7ad453cb4c5746ab806cd1cedbfdf3d98154fae6d4f9cf2d690fb8e8d8c4271ab2e0a4a2857709b00ecece15f5d235da92cd9db9232ab401d9093bf2d10b0', '2009-09-18 18:46:41', 'joe', 'n6rS9KNeJjI2lZtSD5P_', '66435148ee185fd7bffd55434accaeab36b133ef6357791c3c3e40e6b62238680b87c0f504720f6869b8fc1439bb691e2689db13c9cb876c8423b25e9616e6a4', 'joe@example.com')[0m
REQUESTING PAGE: GET /login with {} and HTTP headers {}


Processing UserSessionsController#new (for 127.0.0.1 at 2009-09-18 14:46:41) [GET]
  Parameters: {"action"=>"new", "controller"=>"user_sessions"}
Rendering template within layouts/application
Rendering user_sessions/new
Completed in 3ms (View: 2, DB: 2) | 200 OK [http://www.example.com/login]
REQUESTING PAGE: POST /user_sessions with {"commit"=>"Log in", "user_session"=>{"username"=>"joe", "password"=>"secret"}} and HTTP headers {"HTTP_REFERER"=>"/login"}


Processing UserSessionsController#create (for 127.0.0.1 at 2009-09-18 14:46:41) [POST]
  Parameters: {"commit"=>"Log in", "user_session"=>{"username"=>"joe", "password"=>"[FILTERED]"}, "action"=>"create", "controller"=>"user_sessions"}
  [4;36;1mUser Load (0.5ms)[0m   [0;1mSELECT * FROM "users" WHERE (LOWER("users".username) = 'joe') LIMIT 1[0m
Redirected to http://www.example.com/
Completed in 6ms (DB: 1) | 302 Found [http://www.example.com/user_sessions]
REQUESTING PAGE: GET http://www.example.com/ with {} and HTTP headers {"HTTP_REFERER"=>"/user_sessions"}


Processing InfosController#index (for 127.0.0.1 at 2009-09-18 14:46:41) [GET]
  Parameters: {"action"=>"index", "controller"=>"infos"}
  [4;35;1mUser Load (0.9ms)[0m   [0mSELECT * FROM "users" WHERE ("users"."id" = '1') LIMIT 1[0m
  [4;36;1mInfo Load (0.2ms)[0m   [0;1mSELECT * FROM "infos" [0m
Rendering template within layouts/application
Rendering infos/index
Completed in 23ms (View: 2, DB: 1) | 200 OK [http://www.example.com/]
REQUESTING PAGE: GET /infos/new with {} and HTTP headers {"HTTP_REFERER"=>"http://www.example.com/"}


Processing InfosController#new (for 127.0.0.1 at 2009-09-18 14:46:42) [GET]
  Parameters: {"action"=>"new", "controller"=>"infos"}
  [4;35;1mUser Load (0.5ms)[0m   [0mSELECT * FROM "users" WHERE ("users"."id" = '1') LIMIT 1[0m
Rendering template within layouts/application
Rendering infos/new
Rendered infos/_form (4.1ms)
Completed in 13ms (View: 7, DB: 0) | 200 OK [http://www.example.com/infos/new]
REQUESTING PAGE: POST /infos with {"commit"=>"Submit", "info"=>{"body"=>"body 1", "title"=>"title 1"}} and HTTP headers {"HTTP_REFERER"=>"/infos/new"}


Processing InfosController#create (for 127.0.0.1 at 2009-09-18 14:46:42) [POST]
  Parameters: {"commit"=>"Submit", "action"=>"create", "info"=>{"title"=>"title 1", "body"=>"body 1"}, "controller"=>"infos"}
  [4;36;1mUser Load (0.4ms)[0m   [0;1mSELECT * FROM "users" WHERE ("users"."id" = '1') LIMIT 1[0m
  [4;35;1mInfo Create (0.2ms)[0m   [0mINSERT INTO "infos" ("created_at", "title", "body", "updated_at") VALUES('2009-09-18 18:46:42', 'title 1', 'body 1', '2009-09-18 18:46:42')[0m
Redirected to http://www.example.com/infos/1
Completed in 7ms (DB: 1) | 302 Found [http://www.example.com/infos]
REQUESTING PAGE: GET http://www.example.com/infos/1 with {} and HTTP headers {"HTTP_REFERER"=>"/infos"}


Processing InfosController#show (for 127.0.0.1 at 2009-09-18 14:46:42) [GET]
  Parameters: {"action"=>"show", "id"=>"1", "controller"=>"infos"}
  [4;36;1mUser Load (0.5ms)[0m   [0;1mSELECT * FROM "users" WHERE ("users"."id" = '1') LIMIT 1[0m
  [4;35;1mInfo Load (0.3ms)[0m   [0mSELECT * FROM "infos" WHERE ("infos"."id" = 1) [0m
Rendering template within layouts/application
Rendering infos/show
Completed in 8ms (View: 3, DB: 1) | 200 OK [http://www.example.com/infos/1]
  [4;36;1mUser Exists (0.3ms)[0m   [0;1mSELECT "users".id FROM "users" WHERE (LOWER("users"."email") = 'joe@example.com') LIMIT 1[0m
  [4;35;1mUser Exists (0.1ms)[0m   [0mSELECT "users".id FROM "users" WHERE (LOWER("users"."username") = 'joe') LIMIT 1[0m
  [4;36;1mUser Exists (0.1ms)[0m   [0;1mSELECT "users".id FROM "users" WHERE ("users"."persistence_token" = '56c0857af88fe5a822d14af152daaab09e34142745c57e5c63b642f33e7639b39adf4aed21fc54ecdf86c0b430e03f7e6f9dd90fd8238b2356aa67bea0f3c627') LIMIT 1[0m
  [4;35;1mUser Load (0.2ms)[0m   [0mSELECT * FROM "users" WHERE ("users"."id" = '1') LIMIT 1[0m
  [4;36;1mUser Load (0.2ms)[0m   [0;1mSELECT * FROM "users" WHERE ("users"."id" = 1) LIMIT 1[0m
  [4;35;1mUser Create (0.6ms)[0m   [0mINSERT INTO "users" ("created_at", "crypted_password", "updated_at", "username", "password_salt", "persistence_token", "email") VALUES('2009-09-18 18:46:42', '65f2b50ccda3dfa1e5660b22946447152cb5d36f5192a8e0261118eefddbf135942befd60ebfa8e038a88da84facc88670bac996763892390a64bdb5cfbffc0b', '2009-09-18 18:46:42', 'joe', '8IllmgTn6xDmFcoOUVHn', '56c0857af88fe5a822d14af152daaab09e34142745c57e5c63b642f33e7639b39adf4aed21fc54ecdf86c0b430e03f7e6f9dd90fd8238b2356aa67bea0f3c627', 'joe@example.com')[0m
REQUESTING PAGE: GET /login with {} and HTTP headers {}


Processing UserSessionsController#new (for 127.0.0.1 at 2009-09-18 14:46:42) [GET]
  Parameters: {"action"=>"new", "controller"=>"user_sessions"}
Rendering template within layouts/application
Rendering user_sessions/new
Completed in 3ms (View: 2, DB: 2) | 200 OK [http://www.example.com/login]
REQUESTING PAGE: POST /user_sessions with {"commit"=>"Log in", "user_session"=>{"username"=>"joe", "password"=>"secret"}} and HTTP headers {"HTTP_REFERER"=>"/login"}


Processing UserSessionsController#create (for 127.0.0.1 at 2009-09-18 14:46:42) [POST]
  Parameters: {"commit"=>"Log in", "user_session"=>{"username"=>"joe", "password"=>"[FILTERED]"}, "action"=>"create", "controller"=>"user_sessions"}
  [4;36;1mUser Load (0.4ms)[0m   [0;1mSELECT * FROM "users" WHERE (LOWER("users".username) = 'joe') LIMIT 1[0m
Redirected to http://www.example.com/
Completed in 5ms (DB: 0) | 302 Found [http://www.example.com/user_sessions]
REQUESTING PAGE: GET http://www.example.com/ with {} and HTTP headers {"HTTP_REFERER"=>"/user_sessions"}


Processing InfosController#index (for 127.0.0.1 at 2009-09-18 14:46:42) [GET]
  Parameters: {"action"=>"index", "controller"=>"infos"}
  [4;35;1mUser Load (0.4ms)[0m   [0mSELECT * FROM "users" WHERE ("users"."id" = '1') LIMIT 1[0m
  [4;36;1mInfo Load (0.1ms)[0m   [0;1mSELECT * FROM "infos" [0m
Rendering template within layouts/application
Rendering infos/index
Completed in 6ms (View: 1, DB: 1) | 200 OK [http://www.example.com/]
  [4;35;1mInfo Create (0.2ms)[0m   [0mINSERT INTO "infos" ("created_at", "title", "body", "updated_at") VALUES('2009-09-18 18:46:42', 'title 1', 'body 1', '2009-09-18 18:46:42')[0m
  [4;36;1mInfo Create (0.1ms)[0m   [0;1mINSERT INTO "infos" ("created_at", "title", "body", "updated_at") VALUES('2009-09-18 18:46:42', 'title 2', 'body 2', '2009-09-18 18:46:42')[0m
  [4;35;1mInfo Create (0.1ms)[0m   [0mINSERT INTO "infos" ("created_at", "title", "body", "updated_at") VALUES('2009-09-18 18:46:42', 'title 3', 'body 3', '2009-09-18 18:46:42')[0m
  [4;36;1mInfo Create (0.1ms)[0m   [0;1mINSERT INTO "infos" ("created_at", "title", "body", "updated_at") VALUES('2009-09-18 18:46:42', 'title 4', 'body 4', '2009-09-18 18:46:42')[0m
REQUESTING PAGE: GET http://www.example.com/infos with {} and HTTP headers {"HTTP_REFERER"=>"http://www.example.com/"}


Processing InfosController#index (for 127.0.0.1 at 2009-09-18 14:46:42) [GET]
  Parameters: {"action"=>"index", "controller"=>"infos"}
  [4;35;1mUser Load (0.4ms)[0m   [0mSELECT * FROM "users" WHERE ("users"."id" = '1') LIMIT 1[0m
  [4;36;1mInfo Load (0.5ms)[0m   [0;1mSELECT * FROM "infos" [0m
Rendering template within layouts/application
Rendering infos/index
Completed in 11ms (View: 6, DB: 2) | 200 OK [http://www.example.com/infos]
REQUESTING PAGE: DELETE /infos/3 with {} and HTTP headers {"HTTP_REFERER"=>"http://www.example.com/infos"}


Processing InfosController#destroy (for 127.0.0.1 at 2009-09-18 14:46:42) [DELETE]
  Parameters: {"action"=>"destroy", "id"=>"3", "controller"=>"infos"}
  [4;35;1mUser Load (0.4ms)[0m   [0mSELECT * FROM "users" WHERE ("users"."id" = '1') LIMIT 1[0m
  [4;36;1mInfo Load (0.3ms)[0m   [0;1mSELECT * FROM "infos" WHERE ("infos"."id" = 3) [0m
  [4;35;1mInfo Destroy (0.2ms)[0m   [0mDELETE FROM "infos" WHERE "id" = 3[0m
Redirected to http://www.example.com/infos
Completed in 6ms (DB: 1) | 302 Found [http://www.example.com/infos/3]
REQUESTING PAGE: GET http://www.example.com/infos with {} and HTTP headers {"HTTP_REFERER"=>"/infos/3"}


Processing InfosController#index (for 127.0.0.1 at 2009-09-18 14:46:42) [GET]
  Parameters: {"action"=>"index", "controller"=>"infos"}
  [4;36;1mUser Load (0.4ms)[0m   [0;1mSELECT * FROM "users" WHERE ("users"."id" = '1') LIMIT 1[0m
  [4;35;1mInfo Load (0.5ms)[0m   [0mSELECT * FROM "infos" [0m
Rendering template within layouts/application
Rendering infos/index
Completed in 9ms (View: 4, DB: 1) | 200 OK [http://www.example.com/infos]
REQUESTING PAGE: GET / with {} and HTTP headers {}


Processing InfosController#index (for 127.0.0.1 at 2009-09-18 14:53:53) [GET]
  Parameters: {"action"=>"index", "controller"=>"infos"}
Redirected to http://www.example.com/login
Filter chain halted as [:login_required] rendered_or_redirected.
Completed in 3ms (DB: 0) | 302 Found [http://www.example.com/]
REQUESTING PAGE: GET http://www.example.com/login with {} and HTTP headers {"HTTP_REFERER"=>"/"}


Processing UserSessionsController#new (for 127.0.0.1 at 2009-09-18 14:53:53) [GET]
  Parameters: {"action"=>"new", "controller"=>"user_sessions"}
Rendering template within layouts/application
Rendering user_sessions/new
Completed in 11ms (View: 8, DB: 0) | 200 OK [http://www.example.com/login]
REQUESTING PAGE: GET /signup with {} and HTTP headers {"HTTP_REFERER"=>"http://www.example.com/login"}


Processing UsersController#new (for 127.0.0.1 at 2009-09-18 14:53:53) [GET]
  Parameters: {"action"=>"new", "controller"=>"users"}
Rendering template within layouts/application
Rendering users/new
Completed in 20ms (View: 8, DB: 0) | 200 OK [http://www.example.com/signup]
REQUESTING PAGE: GET / with {} and HTTP headers {}


Processing InfosController#index (for 127.0.0.1 at 2009-09-18 14:54:41) [GET]
  Parameters: {"action"=>"index", "controller"=>"infos"}
Redirected to http://www.example.com/login
Filter chain halted as [:login_required] rendered_or_redirected.
Completed in 4ms (DB: 0) | 302 Found [http://www.example.com/]
REQUESTING PAGE: GET http://www.example.com/login with {} and HTTP headers {"HTTP_REFERER"=>"/"}


Processing UserSessionsController#new (for 127.0.0.1 at 2009-09-18 14:54:41) [GET]
  Parameters: {"action"=>"new", "controller"=>"user_sessions"}
Rendering template within layouts/application
Rendering user_sessions/new
Completed in 11ms (View: 8, DB: 0) | 200 OK [http://www.example.com/login]
REQUESTING PAGE: GET /signup with {} and HTTP headers {"HTTP_REFERER"=>"http://www.example.com/login"}


Processing UsersController#new (for 127.0.0.1 at 2009-09-18 14:54:41) [GET]
  Parameters: {"action"=>"new", "controller"=>"users"}
Rendering template within layouts/application
Rendering users/new
Completed in 12ms (View: 8, DB: 0) | 200 OK [http://www.example.com/signup]
REQUESTING PAGE: POST /users with {"commit"=>"Sign up", "user"=>{"password_confirmation"=>"secret", "username"=>"subscriber", "password"=>"secret", "email"=>"subscriber@example.com"}} and HTTP headers {"HTTP_REFERER"=>"/signup"}


Processing UsersController#create (for 127.0.0.1 at 2009-09-18 14:54:41) [POST]
  Parameters: {"commit"=>"Sign up", "action"=>"create", "controller"=>"users", "user"=>{"password_confirmation"=>"[FILTERED]", "username"=>"subscriber", "password"=>"[FILTERED]", "email"=>"subscriber@example.com"}}
  [4;36;1mUser Exists (0.4ms)[0m   [0;1mSELECT "users".id FROM "users" WHERE (LOWER("users"."email") = 'subscriber@example.com') LIMIT 1[0m
  [4;35;1mUser Exists (0.1ms)[0m   [0mSELECT "users".id FROM "users" WHERE (LOWER("users"."username") = 'subscriber') LIMIT 1[0m
  [4;36;1mUser Exists (0.2ms)[0m   [0;1mSELECT "users".id FROM "users" WHERE ("users"."persistence_token" = '825131202cb1852b4de4f7d53ab9f3b51843bdc8d19837db8588ab362329475cd395d8840ff98530d2ecb850403b60a8b5882a26d74238a6a5be3ac685eb263c') LIMIT 1[0m
  [4;35;1mUser Create (0.8ms)[0m   [0mINSERT INTO "users" ("created_at", "crypted_password", "updated_at", "username", "password_salt", "persistence_token", "email") VALUES('2009-09-18 18:54:41', 'b29ceecd99acef7ce8ba7395b97e9ea8696127901788d1a82d08a9f3bc8cc9060c39a65d3c8c4e866a7b1be6dfe1d4123cbbc730cefac3e7f0ab7fe6c0514910', '2009-09-18 18:54:41', 'subscriber', 'wf3AUzkx6Bviv6vA61aX', '825131202cb1852b4de4f7d53ab9f3b51843bdc8d19837db8588ab362329475cd395d8840ff98530d2ecb850403b60a8b5882a26d74238a6a5be3ac685eb263c', 'subscriber@example.com')[0m
Redirected to http://www.example.com/
Completed in 251ms (DB: 1) | 302 Found [http://www.example.com/users]
REQUESTING PAGE: GET http://www.example.com/ with {} and HTTP headers {"HTTP_REFERER"=>"/users"}


Processing InfosController#index (for 127.0.0.1 at 2009-09-18 14:54:41) [GET]
  Parameters: {"action"=>"index", "controller"=>"infos"}
  [4;36;1mUser Load (0.5ms)[0m   [0;1mSELECT * FROM "users" WHERE ("users"."persistence_token" = '825131202cb1852b4de4f7d53ab9f3b51843bdc8d19837db8588ab362329475cd395d8840ff98530d2ecb850403b60a8b5882a26d74238a6a5be3ac685eb263c') LIMIT 1[0m
  [4;35;1mInfo Load (0.5ms)[0m   [0mSELECT * FROM "infos" [0m
Rendering template within layouts/application
Rendering infos/index
Completed in 27ms (View: 7, DB: 1) | 200 OK [http://www.example.com/]
  [4;36;1mUser Exists (0.3ms)[0m   [0;1mSELECT "users".id FROM "users" WHERE (LOWER("users"."email") = 'subscriber@example.com') LIMIT 1[0m
  [4;35;1mUser Exists (0.2ms)[0m   [0mSELECT "users".id FROM "users" WHERE (LOWER("users"."username") = 'subscriber') LIMIT 1[0m
  [4;36;1mUser Exists (0.1ms)[0m   [0;1mSELECT "users".id FROM "users" WHERE ("users"."persistence_token" = 'de7851ab04a54137033b81d61c06b8f56ab36a6026d1341c5271dd88bc59df53f46731a46abe33866a6308b711a9d41b82ee408c3d0707a19b4c9f5ea2916f82') LIMIT 1[0m
  [4;35;1mUser Create (0.7ms)[0m   [0mINSERT INTO "users" ("created_at", "crypted_password", "updated_at", "username", "password_salt", "persistence_token", "email") VALUES('2009-09-18 18:59:13', '9f92b2f09079017ac310dfc8059d6fdb2ab1dd263ba3b7bb48761c17aec02c153c98e31afef2f6f5751375b8ea53f432ab294e44b63248a7ca1ce8ba0be29640', '2009-09-18 18:59:13', 'subscriber', 'XQ9VoF-uJxHispocu9_1', 'de7851ab04a54137033b81d61c06b8f56ab36a6026d1341c5271dd88bc59df53f46731a46abe33866a6308b711a9d41b82ee408c3d0707a19b4c9f5ea2916f82', 'subscriber@example.com')[0m
REQUESTING PAGE: GET /login with {} and HTTP headers {}


Processing UserSessionsController#new (for 127.0.0.1 at 2009-09-18 14:59:13) [GET]
  Parameters: {"action"=>"new", "controller"=>"user_sessions"}
Rendering template within layouts/application
Rendering user_sessions/new
Completed in 119ms (View: 8, DB: 1) | 200 OK [http://www.example.com/login]
REQUESTING PAGE: POST /user_sessions with {"commit"=>"Log in", "user_session"=>{"username"=>"subscriber", "password"=>"secret"}} and HTTP headers {"HTTP_REFERER"=>"/login"}


Processing UserSessionsController#create (for 127.0.0.1 at 2009-09-18 14:59:14) [POST]
  Parameters: {"commit"=>"Log in", "user_session"=>{"username"=>"subscriber", "password"=>"[FILTERED]"}, "action"=>"create", "controller"=>"user_sessions"}
  [4;36;1mUser Load (0.5ms)[0m   [0;1mSELECT * FROM "users" WHERE (LOWER("users".username) = 'subscriber') LIMIT 1[0m
Redirected to http://www.example.com/
Completed in 6ms (DB: 1) | 302 Found [http://www.example.com/user_sessions]
REQUESTING PAGE: GET http://www.example.com/ with {} and HTTP headers {"HTTP_REFERER"=>"/user_sessions"}


Processing InfosController#index (for 127.0.0.1 at 2009-09-18 14:59:14) [GET]
  Parameters: {"action"=>"index", "controller"=>"infos"}
  [4;35;1mUser Load (0.5ms)[0m   [0mSELECT * FROM "users" WHERE ("users"."id" = '876516208') LIMIT 1[0m
  [4;36;1mInfo Load (0.5ms)[0m   [0;1mSELECT * FROM "infos" [0m
Rendering template within layouts/application
Rendering infos/index
Completed in 29ms (View: 8, DB: 1) | 200 OK [http://www.example.com/]
REQUESTING PAGE: GET / with {} and HTTP headers {"HTTP_REFERER"=>"http://www.example.com/"}


Processing InfosController#index (for 127.0.0.1 at 2009-09-18 14:59:14) [GET]
  Parameters: {"action"=>"index", "controller"=>"infos"}
  [4;35;1mUser Load (0.5ms)[0m   [0mSELECT * FROM "users" WHERE ("users"."id" = '876516208') LIMIT 1[0m
  [4;36;1mInfo Load (0.4ms)[0m   [0;1mSELECT * FROM "infos" [0m
Rendering template within layouts/application
Rendering infos/index
Completed in 10ms (View: 3, DB: 1) | 200 OK [http://www.example.com/]
  [4;36;1mUser Exists (0.3ms)[0m   [0;1mSELECT "users".id FROM "users" WHERE (LOWER("users"."email") = 'subscriber@example.com') LIMIT 1[0m
  [4;35;1mUser Exists (0.1ms)[0m   [0mSELECT "users".id FROM "users" WHERE (LOWER("users"."username") = 'subscriber') LIMIT 1[0m
  [4;36;1mUser Exists (0.1ms)[0m   [0;1mSELECT "users".id FROM "users" WHERE ("users"."persistence_token" = '5d4c3171802908e22c6e9c07f3bebbf717b7968aaca00529e1f1846ca14f4b5858a8f44aa8ce50317db8f93816bae7d0cf5bb6495489ed4648ba39c95e4cc873') LIMIT 1[0m
  [4;35;1mUser Create (0.7ms)[0m   [0mINSERT INTO "users" ("created_at", "crypted_password", "updated_at", "username", "password_salt", "persistence_token", "email") VALUES('2009-09-18 19:01:54', '341d8adff2f600cfa66547c44375a6e550a51b3d622cd980d31b882199d0b69b700e9df4030bad42d4c8625aa725bd9db4a13896fa69d34b73a23608981af880', '2009-09-18 19:01:54', 'subscriber', 'D7r9zMF2hwHDcLjXsrVj', '5d4c3171802908e22c6e9c07f3bebbf717b7968aaca00529e1f1846ca14f4b5858a8f44aa8ce50317db8f93816bae7d0cf5bb6495489ed4648ba39c95e4cc873', 'subscriber@example.com')[0m
REQUESTING PAGE: GET /login with {} and HTTP headers {}


Processing UserSessionsController#new (for 127.0.0.1 at 2009-09-18 15:01:54) [GET]
  Parameters: {"action"=>"new", "controller"=>"user_sessions"}
Rendering template within layouts/application
Rendering user_sessions/new
Rendered layouts/_user_nav (2.9ms)
Completed in 16ms (View: 12, DB: 1) | 200 OK [http://www.example.com/login]
REQUESTING PAGE: POST /user_sessions with {"commit"=>"Log in", "user_session"=>{"username"=>"subscriber", "password"=>"secret"}} and HTTP headers {"HTTP_REFERER"=>"/login"}


Processing UserSessionsController#create (for 127.0.0.1 at 2009-09-18 15:01:54) [POST]
  Parameters: {"commit"=>"Log in", "user_session"=>{"username"=>"subscriber", "password"=>"[FILTERED]"}, "action"=>"create", "controller"=>"user_sessions"}
  [4;36;1mUser Load (0.4ms)[0m   [0;1mSELECT * FROM "users" WHERE (LOWER("users".username) = 'subscriber') LIMIT 1[0m
Redirected to http://www.example.com/
Completed in 5ms (DB: 0) | 302 Found [http://www.example.com/user_sessions]
REQUESTING PAGE: GET http://www.example.com/ with {} and HTTP headers {"HTTP_REFERER"=>"/user_sessions"}


Processing InfosController#index (for 127.0.0.1 at 2009-09-18 15:01:54) [GET]
  Parameters: {"action"=>"index", "controller"=>"infos"}
  [4;35;1mUser Load (0.5ms)[0m   [0mSELECT * FROM "users" WHERE ("users"."id" = '876516208') LIMIT 1[0m
  [4;36;1mInfo Load (0.5ms)[0m   [0;1mSELECT * FROM "infos" [0m
Rendering template within layouts/application
Rendering infos/index
Rendered layouts/_user_nav (0.5ms)
Completed in 29ms (View: 8, DB: 1) | 200 OK [http://www.example.com/]
REQUESTING PAGE: GET / with {} and HTTP headers {"HTTP_REFERER"=>"http://www.example.com/"}


Processing InfosController#index (for 127.0.0.1 at 2009-09-18 15:01:54) [GET]
  Parameters: {"action"=>"index", "controller"=>"infos"}
  [4;35;1mUser Load (0.5ms)[0m   [0mSELECT * FROM "users" WHERE ("users"."id" = '876516208') LIMIT 1[0m
  [4;36;1mInfo Load (0.4ms)[0m   [0;1mSELECT * FROM "infos" [0m
Rendering template within layouts/application
Rendering infos/index
Rendered layouts/_user_nav (0.5ms)
Completed in 10ms (View: 4, DB: 1) | 200 OK [http://www.example.com/]
REQUESTING PAGE: GET /users/current with {} and HTTP headers {"HTTP_REFERER"=>"/"}


Processing UsersController#show (for 127.0.0.1 at 2009-09-18 15:01:54) [GET]
  Parameters: {"action"=>"show", "id"=>"current", "controller"=>"users"}


Processing ApplicationController#show (for 127.0.0.1 at 2009-09-18 15:01:54) [GET]
  Parameters: {"action"=>"show", "id"=>"current", "controller"=>"users"}
  [4;36;1mUser Exists (0.4ms)[0m   [0;1mSELECT "users".id FROM "users" WHERE (LOWER("users"."email") = 'subscriber@example.com') LIMIT 1[0m
  [4;35;1mUser Exists (0.2ms)[0m   [0mSELECT "users".id FROM "users" WHERE (LOWER("users"."username") = 'subscriber') LIMIT 1[0m
  [4;36;1mUser Exists (0.1ms)[0m   [0;1mSELECT "users".id FROM "users" WHERE ("users"."persistence_token" = '491733134f41d083428a9f0e09fcffd7dc4c30896635d23fcf32ce9f7cebc955440bfd39d28e9e04c0e5885a11dd455f9848a9f46808c904a4a29d31fb3e29be') LIMIT 1[0m
  [4;35;1mUser Create (28.7ms)[0m   [0mINSERT INTO "users" ("created_at", "crypted_password", "updated_at", "username", "password_salt", "persistence_token", "email") VALUES('2009-09-18 19:11:23', 'f921ef2d5cec0a1ac4b4cbb779b925032d589d0068103a221b6c6e8f3919803e17d9ac5afc9128532fd632fd6c27e84a97eb8a528ce593273982adad3566b46b', '2009-09-18 19:11:23', 'subscriber', 'GzXKqb4kvzCY2CJ9172f', '491733134f41d083428a9f0e09fcffd7dc4c30896635d23fcf32ce9f7cebc955440bfd39d28e9e04c0e5885a11dd455f9848a9f46808c904a4a29d31fb3e29be', 'subscriber@example.com')[0m
REQUESTING PAGE: GET /login with {} and HTTP headers {}


Processing UserSessionsController#new (for 127.0.0.1 at 2009-09-18 15:11:24) [GET]
  Parameters: {"action"=>"new", "controller"=>"user_sessions"}
Rendering template within layouts/application
Rendering user_sessions/new
Rendered layouts/_user_nav (2.7ms)
Completed in 16ms (View: 11, DB: 29) | 200 OK [http://www.example.com/login]
REQUESTING PAGE: POST /user_sessions with {"commit"=>"Log in", "user_session"=>{"username"=>"subscriber", "password"=>"secret"}} and HTTP headers {"HTTP_REFERER"=>"/login"}


Processing UserSessionsController#create (for 127.0.0.1 at 2009-09-18 15:11:24) [POST]
  Parameters: {"commit"=>"Log in", "user_session"=>{"username"=>"subscriber", "password"=>"[FILTERED]"}, "action"=>"create", "controller"=>"user_sessions"}
  [4;36;1mUser Load (0.5ms)[0m   [0;1mSELECT * FROM "users" WHERE (LOWER("users".username) = 'subscriber') LIMIT 1[0m
Redirected to http://www.example.com/
Completed in 6ms (DB: 0) | 302 Found [http://www.example.com/user_sessions]
REQUESTING PAGE: GET http://www.example.com/ with {} and HTTP headers {"HTTP_REFERER"=>"/user_sessions"}


Processing InfosController#index (for 127.0.0.1 at 2009-09-18 15:11:24) [GET]
  Parameters: {"action"=>"index", "controller"=>"infos"}
  [4;35;1mUser Load (0.5ms)[0m   [0mSELECT * FROM "users" WHERE ("users"."id" = '876516208') LIMIT 1[0m
  [4;36;1mInfo Load (0.4ms)[0m   [0;1mSELECT * FROM "infos" [0m
Rendering template within layouts/application
Rendering infos/index
Rendered layouts/_user_nav (0.4ms)
Completed in 33ms (View: 9, DB: 1) | 200 OK [http://www.example.com/]
REQUESTING PAGE: GET / with {} and HTTP headers {"HTTP_REFERER"=>"http://www.example.com/"}


Processing InfosController#index (for 127.0.0.1 at 2009-09-18 15:11:24) [GET]
  Parameters: {"action"=>"index", "controller"=>"infos"}
  [4;35;1mUser Load (0.5ms)[0m   [0mSELECT * FROM "users" WHERE ("users"."id" = '876516208') LIMIT 1[0m
  [4;36;1mInfo Load (0.4ms)[0m   [0;1mSELECT * FROM "infos" [0m
Rendering template within layouts/application
Rendering infos/index
Rendered layouts/_user_nav (0.5ms)
Completed in 11ms (View: 5, DB: 1) | 200 OK [http://www.example.com/]
REQUESTING PAGE: GET /users/current with {} and HTTP headers {"HTTP_REFERER"=>"/"}


Processing UsersController#show (for 127.0.0.1 at 2009-09-18 15:11:24) [GET]
  Parameters: {"action"=>"show", "id"=>"current", "controller"=>"users"}
  [4;35;1mUser Load (0.8ms)[0m   [0mSELECT * FROM "users" WHERE ("users"."id" = '876516208') LIMIT 1[0m
Rendering template within layouts/application
Rendering users/show
Rendered layouts/_user_nav (0.4ms)
Completed in 13ms (View: 3, DB: 1) | 200 OK [http://www.example.com/users/current]
REQUESTING PAGE: GET /users/876516208/edit with {} and HTTP headers {"HTTP_REFERER"=>"/users/current"}


Processing UsersController#edit (for 127.0.0.1 at 2009-09-18 15:11:24) [GET]
  Parameters: {"action"=>"edit", "id"=>"876516208", "controller"=>"users"}
  [4;36;1mUser Load (0.5ms)[0m   [0;1mSELECT * FROM "users" WHERE ("users"."id" = '876516208') LIMIT 1[0m
Rendering template within layouts/application
Rendering users/edit
Rendered layouts/_user_nav (0.5ms)
Completed in 10ms (View: 6, DB: 0) | 200 OK [http://www.example.com/users/876516208/edit]
REQUESTING PAGE: POST /users/876516208 with {"commit"=>"Submit", "_method"=>"put", "user"=>{"password_confirmation"=>"", "password"=>"", "email"=>"changed@example.com"}} and HTTP headers {"HTTP_REFERER"=>"/users/876516208/edit"}


Processing UsersController#update (for 127.0.0.1 at 2009-09-18 15:11:24) [PUT]
  Parameters: {"commit"=>"Submit", "action"=>"update", "_method"=>"put", "id"=>"876516208", "controller"=>"users", "user"=>{"password_confirmation"=>"[FILTERED]", "password"=>"[FILTERED]", "email"=>"changed@example.com"}}
  [4;35;1mUser Load (0.4ms)[0m   [0mSELECT * FROM "users" WHERE ("users"."id" = '876516208') LIMIT 1[0m
  [4;36;1mUser Exists (0.2ms)[0m   [0;1mSELECT "users".id FROM "users" WHERE (LOWER("users"."email") = 'changed@example.com' AND "users".id <> 876516208) LIMIT 1[0m
  [4;35;1mUser Update (0.2ms)[0m   [0mUPDATE "users" SET "updated_at" = '2009-09-18 19:11:24', "email" = 'changed@example.com' WHERE "id" = 876516208[0m
Redirected to http://www.example.com/
Completed in 10ms (DB: 1) | 302 Found [http://www.example.com/users/876516208]
REQUESTING PAGE: GET http://www.example.com/ with {} and HTTP headers {"HTTP_REFERER"=>"/users/876516208"}


Processing InfosController#index (for 127.0.0.1 at 2009-09-18 15:11:24) [GET]
  Parameters: {"action"=>"index", "controller"=>"infos"}
  [4;36;1mUser Load (0.4ms)[0m   [0;1mSELECT * FROM "users" WHERE ("users"."id" = '876516208') LIMIT 1[0m
  [4;35;1mInfo Load (0.4ms)[0m   [0mSELECT * FROM "infos" [0m
Rendering template within layouts/application
Rendering infos/index
Rendered layouts/_user_nav (0.4ms)
Completed in 10ms (View: 4, DB: 1) | 200 OK [http://www.example.com/]
