  [4;36;1mSQL (0.8ms)[0m   [0;1m SELECT name
 FROM sqlite_master
 WHERE type = 'table' AND NOT name = 'sqlite_sequence'
[0m
  [4;35;1mSQL (0.2ms)[0m   [0mselect sqlite_version(*)[0m
  [4;36;1mSQL (2.0ms)[0m   [0;1mCREATE TABLE "schema_migrations" ("version" varchar(255) NOT NULL) [0m
  [4;35;1mSQL (15.5ms)[0m   [0mCREATE UNIQUE INDEX "unique_schema_migrations" ON "schema_migrations" ("version")[0m
  [4;36;1mSQL (0.3ms)[0m   [0;1m SELECT name
 FROM sqlite_master
 WHERE type = 'table' AND NOT name = 'sqlite_sequence'
[0m
  [4;35;1mSQL (0.1ms)[0m   [0mSELECT version FROM schema_migrations[0m
Migrating to CreateUsers (20090918182222)
  [4;36;1mSQL (0.7ms)[0m   [0;1mCREATE TABLE "users" ("id" INTEGER PRIMARY KEY AUTOINCREMENT NOT NULL, "username" varchar(255), "email" varchar(255), "persistence_token" varchar(255), "crypted_password" varchar(255), "password_salt" varchar(255), "created_at" datetime, "updated_at" datetime) [0m
  [4;35;1mSQL (0.1ms)[0m   [0mINSERT INTO schema_migrations (version) VALUES ('20090918182222')[0m
  [4;36;1mSQL (0.3ms)[0m   [0;1m SELECT name
 FROM sqlite_master
 WHERE type = 'table' AND NOT name = 'sqlite_sequence'
[0m
  [4;35;1mSQL (0.2ms)[0m   [0mSELECT version FROM schema_migrations[0m
  [4;36;1mSQL (0.2ms)[0m   [0;1m SELECT name
 FROM sqlite_master
 WHERE type = 'table' AND NOT name = 'sqlite_sequence'
[0m
  [4;35;1mSQL (0.1ms)[0m   [0mPRAGMA index_list("users")[0m
  [4;36;1mSQL (0.9ms)[0m   [0;1m SELECT name
 FROM sqlite_master
 WHERE type = 'table' AND NOT name = 'sqlite_sequence'
[0m
  [4;35;1mSQL (0.2ms)[0m   [0mSELECT version FROM schema_migrations[0m
Migrating to CreateUsers (20090918182222)
Migrating to CreateInfos (20090918182426)
  [4;36;1mSQL (0.1ms)[0m   [0;1mselect sqlite_version(*)[0m
  [4;35;1mSQL (0.8ms)[0m   [0mCREATE TABLE "infos" ("id" INTEGER PRIMARY KEY AUTOINCREMENT NOT NULL, "title" varchar(255), "body" text, "created_at" datetime, "updated_at" datetime) [0m
  [4;36;1mSQL (0.3ms)[0m   [0;1mINSERT INTO schema_migrations (version) VALUES ('20090918182426')[0m
  [4;35;1mSQL (0.4ms)[0m   [0m SELECT name
 FROM sqlite_master
 WHERE type = 'table' AND NOT name = 'sqlite_sequence'
[0m
  [4;36;1mSQL (0.2ms)[0m   [0;1mSELECT version FROM schema_migrations[0m
  [4;35;1mSQL (0.2ms)[0m   [0m SELECT name
 FROM sqlite_master
 WHERE type = 'table' AND NOT name = 'sqlite_sequence'
[0m
  [4;36;1mSQL (0.1ms)[0m   [0;1mPRAGMA index_list("infos")[0m
  [4;35;1mSQL (0.1ms)[0m   [0mPRAGMA index_list("users")[0m
  [4;36;1mSQL (0.5ms)[0m   [0;1mselect sqlite_version(*)[0m
  [4;35;1mSQL (1.0ms)[0m   [0m SELECT name
 FROM sqlite_master
 WHERE type = 'table' AND NOT name = 'sqlite_sequence'
[0m
  [4;36;1mSQL (0.2ms)[0m   [0;1mSELECT version FROM schema_migrations[0m
  [4;35;1mSQL (0.2ms)[0m   [0m SELECT name
 FROM sqlite_master
 WHERE type = 'table' AND NOT name = 'sqlite_sequence'
[0m
  [4;36;1mSQL (0.1ms)[0m   [0;1mPRAGMA index_list("infos")[0m
  [4;35;1mSQL (0.0ms)[0m   [0mPRAGMA index_list("users")[0m
  [4;36;1mSQL (0.2ms)[0m   [0;1mselect sqlite_version(*)[0m
  [4;35;1mSQL (0.5ms)[0m   [0m SELECT name
 FROM sqlite_master
 WHERE type = 'table' AND NOT name = 'sqlite_sequence'
[0m
  [4;36;1mSQL (2.3ms)[0m   [0;1mCREATE TABLE "infos" ("id" INTEGER PRIMARY KEY AUTOINCREMENT NOT NULL, "title" varchar(255), "body" text, "created_at" datetime, "updated_at" datetime) [0m
  [4;35;1mSQL (0.3ms)[0m   [0m SELECT name
 FROM sqlite_master
 WHERE type = 'table' AND NOT name = 'sqlite_sequence'
[0m
  [4;36;1mSQL (12.3ms)[0m   [0;1mCREATE TABLE "users" ("id" INTEGER PRIMARY KEY AUTOINCREMENT NOT NULL, "username" varchar(255), "email" varchar(255), "persistence_token" varchar(255), "crypted_password" varchar(255), "password_salt" varchar(255), "created_at" datetime, "updated_at" datetime) [0m
  [4;35;1mSQL (0.3ms)[0m   [0m SELECT name
 FROM sqlite_master
 WHERE type = 'table' AND NOT name = 'sqlite_sequence'
[0m
  [4;36;1mSQL (2.2ms)[0m   [0;1mCREATE TABLE "schema_migrations" ("version" varchar(255) NOT NULL) [0m
  [4;35;1mSQL (2.2ms)[0m   [0mCREATE UNIQUE INDEX "unique_schema_migrations" ON "schema_migrations" ("version")[0m
  [4;36;1mSQL (0.3ms)[0m   [0;1m SELECT name
 FROM sqlite_master
 WHERE type = 'table' AND NOT name = 'sqlite_sequence'
[0m
  [4;35;1mSQL (0.1ms)[0m   [0mSELECT version FROM "schema_migrations"[0m
  [4;36;1mSQL (1.7ms)[0m   [0;1mINSERT INTO "schema_migrations" (version) VALUES ('20090918182426')[0m
  [4;35;1mSQL (8.6ms)[0m   [0mINSERT INTO "schema_migrations" (version) VALUES ('20090918182222')[0m
  [4;36;1mSQL (0.5ms)[0m   [0;1mselect sqlite_version(*)[0m
  [4;35;1mSQL (0.7ms)[0m   [0m SELECT name
 FROM sqlite_master
 WHERE type = 'table' AND NOT name = 'sqlite_sequence'
[0m
  [4;36;1mSQL (0.2ms)[0m   [0;1mSELECT version FROM schema_migrations[0m
  [4;35;1mSQL (0.5ms)[0m   [0m SELECT name
 FROM sqlite_master
 WHERE type = 'table' AND NOT name = 'sqlite_sequence'
[0m
  [4;36;1mSQL (0.1ms)[0m   [0;1mPRAGMA index_list("infos")[0m
  [4;35;1mSQL (0.1ms)[0m   [0mPRAGMA index_list("users")[0m
  [4;36;1mSQL (0.2ms)[0m   [0;1mselect sqlite_version(*)[0m
  [4;35;1mSQL (0.4ms)[0m   [0m SELECT name
 FROM sqlite_master
 WHERE type = 'table' AND NOT name = 'sqlite_sequence'
[0m
  [4;36;1mSQL (2.0ms)[0m   [0;1mCREATE TABLE "infos" ("id" INTEGER PRIMARY KEY AUTOINCREMENT NOT NULL, "title" varchar(255), "body" text, "created_at" datetime, "updated_at" datetime) [0m
  [4;35;1mSQL (0.3ms)[0m   [0m SELECT name
 FROM sqlite_master
 WHERE type = 'table' AND NOT name = 'sqlite_sequence'
[0m
  [4;36;1mSQL (3.0ms)[0m   [0;1mCREATE TABLE "users" ("id" INTEGER PRIMARY KEY AUTOINCREMENT NOT NULL, "username" varchar(255), "email" varchar(255), "persistence_token" varchar(255), "crypted_password" varchar(255), "password_salt" varchar(255), "created_at" datetime, "updated_at" datetime) [0m
  [4;35;1mSQL (0.3ms)[0m   [0m SELECT name
 FROM sqlite_master
 WHERE type = 'table' AND NOT name = 'sqlite_sequence'
[0m
  [4;36;1mSQL (2.1ms)[0m   [0;1mCREATE TABLE "schema_migrations" ("version" varchar(255) NOT NULL) [0m
  [4;35;1mSQL (5.6ms)[0m   [0mCREATE UNIQUE INDEX "unique_schema_migrations" ON "schema_migrations" ("version")[0m
  [4;36;1mSQL (0.3ms)[0m   [0;1m SELECT name
 FROM sqlite_master
 WHERE type = 'table' AND NOT name = 'sqlite_sequence'
[0m
  [4;35;1mSQL (0.2ms)[0m   [0mSELECT version FROM "schema_migrations"[0m
  [4;36;1mSQL (1.9ms)[0m   [0;1mINSERT INTO "schema_migrations" (version) VALUES ('20090918182426')[0m
  [4;35;1mSQL (4.7ms)[0m   [0mINSERT INTO "schema_migrations" (version) VALUES ('20090918182222')[0m
  [4;36;1mSQL (1.0ms)[0m   [0;1m SELECT name
 FROM sqlite_master
 WHERE type = 'table' AND NOT name = 'sqlite_sequence'
[0m
  [4;35;1mSQL (0.2ms)[0m   [0mSELECT version FROM schema_migrations[0m
  [4;36;1mSQL (0.2ms)[0m   [0;1mselect sqlite_version(*)[0m
  [4;35;1mSQL (0.4ms)[0m   [0m SELECT name
 FROM sqlite_master
 WHERE type = 'table' AND NOT name = 'sqlite_sequence'
[0m
  [4;36;1mSQL (2.3ms)[0m   [0;1mCREATE TABLE "infos" ("id" INTEGER PRIMARY KEY AUTOINCREMENT NOT NULL, "title" varchar(255), "body" text, "created_at" datetime, "updated_at" datetime) [0m
  [4;35;1mSQL (0.3ms)[0m   [0m SELECT name
 FROM sqlite_master
 WHERE type = 'table' AND NOT name = 'sqlite_sequence'
[0m
  [4;36;1mSQL (17.7ms)[0m   [0;1mCREATE TABLE "users" ("id" INTEGER PRIMARY KEY AUTOINCREMENT NOT NULL, "username" varchar(255), "email" varchar(255), "persistence_token" varchar(255), "crypted_password" varchar(255), "password_salt" varchar(255), "created_at" datetime, "updated_at" datetime) [0m
  [4;35;1mSQL (0.4ms)[0m   [0m SELECT name
 FROM sqlite_master
 WHERE type = 'table' AND NOT name = 'sqlite_sequence'
[0m
  [4;36;1mSQL (2.8ms)[0m   [0;1mCREATE TABLE "schema_migrations" ("version" varchar(255) NOT NULL) [0m
  [4;35;1mSQL (1.9ms)[0m   [0mCREATE UNIQUE INDEX "unique_schema_migrations" ON "schema_migrations" ("version")[0m
  [4;36;1mSQL (0.3ms)[0m   [0;1m SELECT name
 FROM sqlite_master
 WHERE type = 'table' AND NOT name = 'sqlite_sequence'
[0m
  [4;35;1mSQL (0.1ms)[0m   [0mSELECT version FROM "schema_migrations"[0m
  [4;36;1mSQL (1.5ms)[0m   [0;1mINSERT INTO "schema_migrations" (version) VALUES ('20090918182426')[0m
  [4;35;1mSQL (1.5ms)[0m   [0mINSERT INTO "schema_migrations" (version) VALUES ('20090918182222')[0m


Processing InfosController#index (for 127.0.0.1 at 2009-09-18 14:33:18) [GET]
  Parameters: {"action"=>"index", "controller"=>"infos"}
  [4;36;1mInfo Load (1.6ms)[0m   [0;1mSELECT * FROM "infos" [0m
Rendering template within layouts/application
Rendering infos/index
Completed in 20ms (View: 13, DB: 2) | 200 OK [http://localhost/]


Processing InfosController#new (for 127.0.0.1 at 2009-09-18 14:33:21) [GET]
  Parameters: {"action"=>"new", "controller"=>"infos"}
Rendering template within layouts/application
Rendering infos/new
Rendered infos/_form (4.5ms)
Completed in 20ms (View: 13, DB: 0) | 200 OK [http://localhost/infos/new]


Processing InfosController#index (for 127.0.0.1 at 2009-09-18 14:34:36) [GET]
  Parameters: {"action"=>"index", "controller"=>"infos"}
  [4;36;1mInfo Load (3.3ms)[0m   [0;1mSELECT * FROM "infos" [0m
Rendering template within layouts/application
Rendering infos/index
Completed in 23ms (View: 13, DB: 3) | 200 OK [http://localhost/]


Processing InfosController#new (for 127.0.0.1 at 2009-09-18 14:34:39) [GET]
  Parameters: {"action"=>"new", "controller"=>"infos"}
Rendering template within layouts/application
Rendering infos/new
Rendered infos/_form (4.5ms)
Completed in 20ms (View: 13, DB: 0) | 200 OK [http://localhost/infos/new]


Processing InfosController#create (for 127.0.0.1 at 2009-09-18 14:34:49) [POST]
  Parameters: {"commit"=>"Submit", "action"=>"create", "authenticity_token"=>"LowYZzMNSC5ePMqVkzGTn6MK5CxWzZjuJlHnikdiK8o=", "info"=>{"body"=>"Aaaaaaa adfasdfsdf", "title"=>"Aaaa"}, "controller"=>"infos"}
  [4;35;1mInfo Create (0.7ms)[0m   [0mINSERT INTO "infos" ("created_at", "title", "body", "updated_at") VALUES('2009-09-18 18:34:49', 'Aaaa', 'Aaaaaaa adfasdfsdf', '2009-09-18 18:34:49')[0m
Redirected to http://localhost:3000/infos/1
Completed in 26ms (DB: 1) | 302 Found [http://localhost/infos]


Processing InfosController#show (for 127.0.0.1 at 2009-09-18 14:34:50) [GET]
  Parameters: {"action"=>"show", "id"=>"1", "controller"=>"infos"}
  [4;36;1mInfo Load (0.3ms)[0m   [0;1mSELECT * FROM "infos" WHERE ("infos"."id" = 1) [0m
Rendering template within layouts/application
Rendering infos/show
Completed in 96ms (View: 8, DB: 0) | 200 OK [http://localhost/infos/1]


Processing InfosController#index (for 127.0.0.1 at 2009-09-18 14:34:55) [GET]
  Parameters: {"action"=>"index", "controller"=>"infos"}
  [4;35;1mInfo Load (0.7ms)[0m   [0mSELECT * FROM "infos" [0m
Rendering template within layouts/application
Rendering infos/index
Completed in 13ms (View: 5, DB: 1) | 200 OK [http://localhost/infos]


Processing InfosController#new (for 127.0.0.1 at 2009-09-18 14:34:57) [GET]
  Parameters: {"action"=>"new", "controller"=>"infos"}
Rendering template within layouts/application
Rendering infos/new
Rendered infos/_form (2.7ms)
Completed in 11ms (View: 5, DB: 0) | 200 OK [http://localhost/infos/new]


Processing InfosController#create (for 127.0.0.1 at 2009-09-18 14:35:06) [POST]
  Parameters: {"commit"=>"Submit", "action"=>"create", "authenticity_token"=>"LowYZzMNSC5ePMqVkzGTn6MK5CxWzZjuJlHnikdiK8o=", "info"=>{"body"=>"Bbbbbbb asdfasdfasdf", "title"=>"Bbbbb"}, "controller"=>"infos"}
  [4;36;1mInfo Create (0.5ms)[0m   [0;1mINSERT INTO "infos" ("created_at", "title", "body", "updated_at") VALUES('2009-09-18 18:35:06', 'Bbbbb', 'Bbbbbbb asdfasdfasdf', '2009-09-18 18:35:06')[0m
Redirected to http://localhost:3000/infos/2
Completed in 12ms (DB: 1) | 302 Found [http://localhost/infos]


Processing InfosController#show (for 127.0.0.1 at 2009-09-18 14:35:06) [GET]
  Parameters: {"action"=>"show", "id"=>"2", "controller"=>"infos"}
  [4;35;1mInfo Load (0.3ms)[0m   [0mSELECT * FROM "infos" WHERE ("infos"."id" = 2) [0m
Rendering template within layouts/application
Rendering infos/show
Completed in 12ms (View: 4, DB: 0) | 200 OK [http://localhost/infos/2]


Processing InfosController#index (for 127.0.0.1 at 2009-09-18 14:35:07) [GET]
  Parameters: {"action"=>"index", "controller"=>"infos"}
  [4;36;1mInfo Load (0.7ms)[0m   [0;1mSELECT * FROM "infos" [0m
Rendering template within layouts/application
Rendering infos/index
Completed in 11ms (View: 5, DB: 1) | 200 OK [http://localhost/infos]
  [4;36;1mSQL (0.5ms)[0m   [0;1mselect sqlite_version(*)[0m
  [4;35;1mSQL (0.7ms)[0m   [0m SELECT name
 FROM sqlite_master
 WHERE type = 'table' AND NOT name = 'sqlite_sequence'
[0m
  [4;36;1mSQL (0.2ms)[0m   [0;1mSELECT version FROM schema_migrations[0m
  [4;35;1mSQL (0.2ms)[0m   [0m SELECT name
 FROM sqlite_master
 WHERE type = 'table' AND NOT name = 'sqlite_sequence'
[0m
  [4;36;1mSQL (0.1ms)[0m   [0;1mPRAGMA index_list("infos")[0m
  [4;35;1mSQL (0.1ms)[0m   [0mPRAGMA index_list("users")[0m
  [4;36;1mSQL (0.2ms)[0m   [0;1mselect sqlite_version(*)[0m
  [4;35;1mSQL (0.5ms)[0m   [0m SELECT name
 FROM sqlite_master
 WHERE type = 'table' AND NOT name = 'sqlite_sequence'
[0m
  [4;36;1mSQL (2.4ms)[0m   [0;1mCREATE TABLE "infos" ("id" INTEGER PRIMARY KEY AUTOINCREMENT NOT NULL, "title" varchar(255), "body" text, "created_at" datetime, "updated_at" datetime) [0m
  [4;35;1mSQL (0.3ms)[0m   [0m SELECT name
 FROM sqlite_master
 WHERE type = 'table' AND NOT name = 'sqlite_sequence'
[0m
  [4;36;1mSQL (1.8ms)[0m   [0;1mCREATE TABLE "users" ("id" INTEGER PRIMARY KEY AUTOINCREMENT NOT NULL, "username" varchar(255), "email" varchar(255), "persistence_token" varchar(255), "crypted_password" varchar(255), "password_salt" varchar(255), "created_at" datetime, "updated_at" datetime) [0m
  [4;35;1mSQL (0.3ms)[0m   [0m SELECT name
 FROM sqlite_master
 WHERE type = 'table' AND NOT name = 'sqlite_sequence'
[0m
  [4;36;1mSQL (5.4ms)[0m   [0;1mCREATE TABLE "schema_migrations" ("version" varchar(255) NOT NULL) [0m
  [4;35;1mSQL (1.9ms)[0m   [0mCREATE UNIQUE INDEX "unique_schema_migrations" ON "schema_migrations" ("version")[0m
  [4;36;1mSQL (0.3ms)[0m   [0;1m SELECT name
 FROM sqlite_master
 WHERE type = 'table' AND NOT name = 'sqlite_sequence'
[0m
  [4;35;1mSQL (0.1ms)[0m   [0mSELECT version FROM "schema_migrations"[0m
  [4;36;1mSQL (5.0ms)[0m   [0;1mINSERT INTO "schema_migrations" (version) VALUES ('20090918182426')[0m
  [4;35;1mSQL (2.0ms)[0m   [0mINSERT INTO "schema_migrations" (version) VALUES ('20090918182222')[0m
  [4;36;1mSQL (1.0ms)[0m   [0;1m SELECT name
 FROM sqlite_master
 WHERE type = 'table' AND NOT name = 'sqlite_sequence'
[0m
  [4;35;1mSQL (0.2ms)[0m   [0mSELECT version FROM schema_migrations[0m
  [4;36;1mSQL (0.2ms)[0m   [0;1mselect sqlite_version(*)[0m
  [4;35;1mSQL (0.5ms)[0m   [0m SELECT name
 FROM sqlite_master
 WHERE type = 'table' AND NOT name = 'sqlite_sequence'
[0m
  [4;36;1mSQL (2.3ms)[0m   [0;1mCREATE TABLE "infos" ("id" INTEGER PRIMARY KEY AUTOINCREMENT NOT NULL, "title" varchar(255), "body" text, "created_at" datetime, "updated_at" datetime) [0m
  [4;35;1mSQL (0.3ms)[0m   [0m SELECT name
 FROM sqlite_master
 WHERE type = 'table' AND NOT name = 'sqlite_sequence'
[0m
  [4;36;1mSQL (18.5ms)[0m   [0;1mCREATE TABLE "users" ("id" INTEGER PRIMARY KEY AUTOINCREMENT NOT NULL, "username" varchar(255), "email" varchar(255), "persistence_token" varchar(255), "crypted_password" varchar(255), "password_salt" varchar(255), "created_at" datetime, "updated_at" datetime) [0m
  [4;35;1mSQL (0.3ms)[0m   [0m SELECT name
 FROM sqlite_master
 WHERE type = 'table' AND NOT name = 'sqlite_sequence'
[0m
  [4;36;1mSQL (1.8ms)[0m   [0;1mCREATE TABLE "schema_migrations" ("version" varchar(255) NOT NULL) [0m
  [4;35;1mSQL (5.4ms)[0m   [0mCREATE UNIQUE INDEX "unique_schema_migrations" ON "schema_migrations" ("version")[0m
  [4;36;1mSQL (0.4ms)[0m   [0;1m SELECT name
 FROM sqlite_master
 WHERE type = 'table' AND NOT name = 'sqlite_sequence'
[0m
  [4;35;1mSQL (0.1ms)[0m   [0mSELECT version FROM "schema_migrations"[0m
  [4;36;1mSQL (1.9ms)[0m   [0;1mINSERT INTO "schema_migrations" (version) VALUES ('20090918182426')[0m
  [4;35;1mSQL (4.6ms)[0m   [0mINSERT INTO "schema_migrations" (version) VALUES ('20090918182222')[0m
  [4;36;1mSQL (1.0ms)[0m   [0;1m SELECT name
 FROM sqlite_master
 WHERE type = 'table' AND NOT name = 'sqlite_sequence'
[0m
  [4;35;1mSQL (0.2ms)[0m   [0mSELECT version FROM schema_migrations[0m
  [4;36;1mSQL (0.2ms)[0m   [0;1mselect sqlite_version(*)[0m
  [4;35;1mSQL (0.5ms)[0m   [0m SELECT name
 FROM sqlite_master
 WHERE type = 'table' AND NOT name = 'sqlite_sequence'
[0m
  [4;36;1mSQL (2.3ms)[0m   [0;1mCREATE TABLE "infos" ("id" INTEGER PRIMARY KEY AUTOINCREMENT NOT NULL, "title" varchar(255), "body" text, "created_at" datetime, "updated_at" datetime) [0m
  [4;35;1mSQL (0.3ms)[0m   [0m SELECT name
 FROM sqlite_master
 WHERE type = 'table' AND NOT name = 'sqlite_sequence'
[0m
  [4;36;1mSQL (17.9ms)[0m   [0;1mCREATE TABLE "users" ("id" INTEGER PRIMARY KEY AUTOINCREMENT NOT NULL, "username" varchar(255), "email" varchar(255), "persistence_token" varchar(255), "crypted_password" varchar(255), "password_salt" varchar(255), "created_at" datetime, "updated_at" datetime) [0m
  [4;35;1mSQL (0.5ms)[0m   [0m SELECT name
 FROM sqlite_master
 WHERE type = 'table' AND NOT name = 'sqlite_sequence'
[0m
  [4;36;1mSQL (6.1ms)[0m   [0;1mCREATE TABLE "schema_migrations" ("version" varchar(255) NOT NULL) [0m
  [4;35;1mSQL (2.2ms)[0m   [0mCREATE UNIQUE INDEX "unique_schema_migrations" ON "schema_migrations" ("version")[0m
  [4;36;1mSQL (0.3ms)[0m   [0;1m SELECT name
 FROM sqlite_master
 WHERE type = 'table' AND NOT name = 'sqlite_sequence'
[0m
  [4;35;1mSQL (0.2ms)[0m   [0mSELECT version FROM "schema_migrations"[0m
  [4;36;1mSQL (5.0ms)[0m   [0;1mINSERT INTO "schema_migrations" (version) VALUES ('20090918182426')[0m
  [4;35;1mSQL (1.9ms)[0m   [0mINSERT INTO "schema_migrations" (version) VALUES ('20090918182222')[0m


Processing InfosController#index (for 127.0.0.1 at 2009-09-18 15:02:37) [GET]
  Parameters: {"action"=>"index", "controller"=>"infos"}
  [4;35;1mUser Load (0.3ms)[0m   [0mSELECT * FROM "users" WHERE ("users"."persistence_token" = '83ed0ef6ce513b8956b822153f7f032bbd33ea3406d4829ad7ca180e952950696c4a22e586c75a63adfac7cc8781da04473c0a7968636781711f552d7c2aad2b') LIMIT 1[0m
Redirected to http://localhost:3000/login
Filter chain halted as [:login_required] rendered_or_redirected.
Completed in 25ms (DB: 0) | 302 Found [http://localhost/infos]


Processing UserSessionsController#new (for 127.0.0.1 at 2009-09-18 15:02:37) [GET]
  Parameters: {"action"=>"new", "controller"=>"user_sessions"}
Rendering template within layouts/application
Rendering user_sessions/new
  [4;36;1mUser Load (0.3ms)[0m   [0;1mSELECT * FROM "users" WHERE ("users"."persistence_token" = '83ed0ef6ce513b8956b822153f7f032bbd33ea3406d4829ad7ca180e952950696c4a22e586c75a63adfac7cc8781da04473c0a7968636781711f552d7c2aad2b') LIMIT 1[0m
Rendered layouts/_user_nav (4.4ms)
Completed in 37ms (View: 20, DB: 0) | 200 OK [http://localhost/login]


Processing InfosController#index (for 127.0.0.1 at 2009-09-18 15:02:40) [GET]
  Parameters: {"action"=>"index", "controller"=>"infos"}
  [4;35;1mUser Load (0.3ms)[0m   [0mSELECT * FROM "users" WHERE ("users"."persistence_token" = '83ed0ef6ce513b8956b822153f7f032bbd33ea3406d4829ad7ca180e952950696c4a22e586c75a63adfac7cc8781da04473c0a7968636781711f552d7c2aad2b') LIMIT 1[0m
Redirected to http://localhost:3000/login
Filter chain halted as [:login_required] rendered_or_redirected.
Completed in 15ms (DB: 0) | 302 Found [http://localhost/infos]


Processing UserSessionsController#new (for 127.0.0.1 at 2009-09-18 15:02:40) [GET]
  Parameters: {"action"=>"new", "controller"=>"user_sessions"}
Rendering template within layouts/application
Rendering user_sessions/new
  [4;36;1mUser Load (0.3ms)[0m   [0;1mSELECT * FROM "users" WHERE ("users"."persistence_token" = '83ed0ef6ce513b8956b822153f7f032bbd33ea3406d4829ad7ca180e952950696c4a22e586c75a63adfac7cc8781da04473c0a7968636781711f552d7c2aad2b') LIMIT 1[0m
Rendered layouts/_user_nav (3.6ms)
Completed in 21ms (View: 7, DB: 0) | 200 OK [http://localhost/login]


Processing UserSessionsController#create (for 127.0.0.1 at 2009-09-18 15:02:55) [POST]
  Parameters: {"commit"=>"Log in", "user_session"=>{"username"=>"jonathan", "password"=>"[FILTERED]"}, "action"=>"create", "authenticity_token"=>"LowYZzMNSC5ePMqVkzGTn6MK5CxWzZjuJlHnikdiK8o=", "controller"=>"user_sessions"}
Rendering template within layouts/application
Rendering user_sessions/new
  [4;35;1mUser Load (0.3ms)[0m   [0mSELECT * FROM "users" WHERE ("users"."persistence_token" = '83ed0ef6ce513b8956b822153f7f032bbd33ea3406d4829ad7ca180e952950696c4a22e586c75a63adfac7cc8781da04473c0a7968636781711f552d7c2aad2b') LIMIT 1[0m
Rendered layouts/_user_nav (3.2ms)
Completed in 22ms (View: 6, DB: 0) | 200 OK [http://localhost/user_sessions]


Processing InfosController#index (for 127.0.0.1 at 2009-09-18 15:03:09) [GET]
  Parameters: {"action"=>"index", "controller"=>"infos"}
  [4;36;1mUser Load (0.3ms)[0m   [0;1mSELECT * FROM "users" WHERE ("users"."persistence_token" = '83ed0ef6ce513b8956b822153f7f032bbd33ea3406d4829ad7ca180e952950696c4a22e586c75a63adfac7cc8781da04473c0a7968636781711f552d7c2aad2b') LIMIT 1[0m
Redirected to http://localhost:3000/login
Filter chain halted as [:login_required] rendered_or_redirected.
Completed in 15ms (DB: 0) | 302 Found [http://localhost/]


Processing UserSessionsController#new (for 127.0.0.1 at 2009-09-18 15:03:09) [GET]
  Parameters: {"action"=>"new", "controller"=>"user_sessions"}
Rendering template within layouts/application
Rendering user_sessions/new
  [4;35;1mUser Load (0.3ms)[0m   [0mSELECT * FROM "users" WHERE ("users"."persistence_token" = '83ed0ef6ce513b8956b822153f7f032bbd33ea3406d4829ad7ca180e952950696c4a22e586c75a63adfac7cc8781da04473c0a7968636781711f552d7c2aad2b') LIMIT 1[0m
Rendered layouts/_user_nav (3.1ms)
Completed in 24ms (View: 7, DB: 0) | 200 OK [http://localhost/login]


Processing UsersController#new (for 127.0.0.1 at 2009-09-18 15:03:16) [GET]
  Parameters: {"action"=>"new", "controller"=>"users"}
Rendering template within layouts/application
Rendering users/new
  [4;36;1mUser Load (0.3ms)[0m   [0;1mSELECT * FROM "users" WHERE ("users"."persistence_token" = '83ed0ef6ce513b8956b822153f7f032bbd33ea3406d4829ad7ca180e952950696c4a22e586c75a63adfac7cc8781da04473c0a7968636781711f552d7c2aad2b') LIMIT 1[0m
Rendered layouts/_user_nav (6.2ms)
Completed in 27ms (View: 15, DB: 0) | 200 OK [http://localhost/signup]


Processing UsersController#create (for 127.0.0.1 at 2009-09-18 15:03:29) [POST]
  Parameters: {"commit"=>"Sign up", "action"=>"create", "authenticity_token"=>"LowYZzMNSC5ePMqVkzGTn6MK5CxWzZjuJlHnikdiK8o=", "controller"=>"users", "user"=>{"password_confirmation"=>"[FILTERED]", "username"=>"jonathan", "password"=>"[FILTERED]", "email"=>"jonathan@linowes.com"}}
  [4;35;1mUser Exists (0.3ms)[0m   [0mSELECT "users".id FROM "users" WHERE (LOWER("users"."email") = 'jonathan@linowes.com') LIMIT 1[0m
  [4;36;1mUser Exists (0.1ms)[0m   [0;1mSELECT "users".id FROM "users" WHERE (LOWER("users"."username") = 'jonathan') LIMIT 1[0m
  [4;35;1mUser Exists (0.2ms)[0m   [0mSELECT "users".id FROM "users" WHERE ("users"."persistence_token" = 'b347e8f4a205dd8d909ff32a5c8347c724db7291f886c42411dd498e61580c38f7a8944c5a350d052235b9b22d669d313fc96045f5ef5a4b4688e687ea24e73e') LIMIT 1[0m
Rendering template within layouts/application
Rendering users/new
  [4;36;1mUser Load (0.3ms)[0m   [0;1mSELECT * FROM "users" WHERE ("users"."persistence_token" = '83ed0ef6ce513b8956b822153f7f032bbd33ea3406d4829ad7ca180e952950696c4a22e586c75a63adfac7cc8781da04473c0a7968636781711f552d7c2aad2b') LIMIT 1[0m
Rendered layouts/_user_nav (6.8ms)
Completed in 305ms (View: 11, DB: 1) | 200 OK [http://localhost/users]


Processing InfosController#index (for 127.0.0.1 at 2009-09-18 15:03:38) [GET]
  Parameters: {"action"=>"index", "controller"=>"infos"}
  [4;35;1mUser Load (0.3ms)[0m   [0mSELECT * FROM "users" WHERE ("users"."persistence_token" = '83ed0ef6ce513b8956b822153f7f032bbd33ea3406d4829ad7ca180e952950696c4a22e586c75a63adfac7cc8781da04473c0a7968636781711f552d7c2aad2b') LIMIT 1[0m
Redirected to http://localhost:3000/login
Filter chain halted as [:login_required] rendered_or_redirected.
Completed in 16ms (DB: 0) | 302 Found [http://localhost/]


Processing UserSessionsController#new (for 127.0.0.1 at 2009-09-18 15:03:38) [GET]
  Parameters: {"action"=>"new", "controller"=>"user_sessions"}
Rendering template within layouts/application
Rendering user_sessions/new
  [4;36;1mUser Load (0.3ms)[0m   [0;1mSELECT * FROM "users" WHERE ("users"."persistence_token" = '83ed0ef6ce513b8956b822153f7f032bbd33ea3406d4829ad7ca180e952950696c4a22e586c75a63adfac7cc8781da04473c0a7968636781711f552d7c2aad2b') LIMIT 1[0m
Rendered layouts/_user_nav (3.4ms)
Completed in 22ms (View: 7, DB: 0) | 200 OK [http://localhost/login]


Processing InfosController#index (for 127.0.0.1 at 2009-09-18 15:05:05) [GET]
  Parameters: {"action"=>"index", "controller"=>"infos"}
  [4;35;1mUser Load (0.3ms)[0m   [0mSELECT * FROM "users" WHERE ("users"."persistence_token" = '83ed0ef6ce513b8956b822153f7f032bbd33ea3406d4829ad7ca180e952950696c4a22e586c75a63adfac7cc8781da04473c0a7968636781711f552d7c2aad2b') LIMIT 1[0m
Redirected to http://localhost:3000/login
Filter chain halted as [:login_required] rendered_or_redirected.
Completed in 16ms (DB: 0) | 302 Found [http://localhost/]


Processing UserSessionsController#new (for 127.0.0.1 at 2009-09-18 15:05:05) [GET]
  Parameters: {"action"=>"new", "controller"=>"user_sessions"}
Rendering template within layouts/application
Rendering user_sessions/new
  [4;36;1mUser Load (0.3ms)[0m   [0;1mSELECT * FROM "users" WHERE ("users"."persistence_token" = '83ed0ef6ce513b8956b822153f7f032bbd33ea3406d4829ad7ca180e952950696c4a22e586c75a63adfac7cc8781da04473c0a7968636781711f552d7c2aad2b') LIMIT 1[0m
Rendered layouts/_user_nav (3.0ms)
Completed in 20ms (View: 6, DB: 0) | 200 OK [http://localhost/login]


Processing InfosController#index (for 127.0.0.1 at 2009-09-18 15:05:06) [GET]
  Parameters: {"action"=>"index", "controller"=>"infos"}
  [4;35;1mUser Load (0.3ms)[0m   [0mSELECT * FROM "users" WHERE ("users"."persistence_token" = '83ed0ef6ce513b8956b822153f7f032bbd33ea3406d4829ad7ca180e952950696c4a22e586c75a63adfac7cc8781da04473c0a7968636781711f552d7c2aad2b') LIMIT 1[0m
Redirected to http://localhost:3000/login
Filter chain halted as [:login_required] rendered_or_redirected.
Completed in 17ms (DB: 0) | 302 Found [http://localhost/]


Processing UserSessionsController#new (for 127.0.0.1 at 2009-09-18 15:05:06) [GET]
  Parameters: {"action"=>"new", "controller"=>"user_sessions"}
Rendering template within layouts/application
Rendering user_sessions/new
  [4;36;1mUser Load (0.3ms)[0m   [0;1mSELECT * FROM "users" WHERE ("users"."persistence_token" = '83ed0ef6ce513b8956b822153f7f032bbd33ea3406d4829ad7ca180e952950696c4a22e586c75a63adfac7cc8781da04473c0a7968636781711f552d7c2aad2b') LIMIT 1[0m
Rendered layouts/_user_nav (3.7ms)
Completed in 24ms (View: 8, DB: 0) | 200 OK [http://localhost/login]


Processing InfosController#index (for 127.0.0.1 at 2009-09-18 15:05:09) [GET]
  Parameters: {"action"=>"index", "controller"=>"infos"}
  [4;35;1mUser Load (0.3ms)[0m   [0mSELECT * FROM "users" WHERE ("users"."persistence_token" = '83ed0ef6ce513b8956b822153f7f032bbd33ea3406d4829ad7ca180e952950696c4a22e586c75a63adfac7cc8781da04473c0a7968636781711f552d7c2aad2b') LIMIT 1[0m
Redirected to http://localhost:3000/login
Filter chain halted as [:login_required] rendered_or_redirected.
Completed in 17ms (DB: 0) | 302 Found [http://localhost/]


Processing UserSessionsController#new (for 127.0.0.1 at 2009-09-18 15:05:09) [GET]
  Parameters: {"action"=>"new", "controller"=>"user_sessions"}
Rendering template within layouts/application
Rendering user_sessions/new
  [4;36;1mUser Load (0.3ms)[0m   [0;1mSELECT * FROM "users" WHERE ("users"."persistence_token" = '83ed0ef6ce513b8956b822153f7f032bbd33ea3406d4829ad7ca180e952950696c4a22e586c75a63adfac7cc8781da04473c0a7968636781711f552d7c2aad2b') LIMIT 1[0m
Rendered layouts/_user_nav (4.4ms)
Completed in 22ms (View: 8, DB: 0) | 200 OK [http://localhost/login]


Processing UserSessionsController#new (for 127.0.0.1 at 2009-09-18 15:05:10) [GET]
  Parameters: {"action"=>"new", "controller"=>"user_sessions"}
Rendering template within layouts/application
Rendering user_sessions/new
  [4;35;1mUser Load (0.3ms)[0m   [0mSELECT * FROM "users" WHERE ("users"."persistence_token" = '83ed0ef6ce513b8956b822153f7f032bbd33ea3406d4829ad7ca180e952950696c4a22e586c75a63adfac7cc8781da04473c0a7968636781711f552d7c2aad2b') LIMIT 1[0m
Rendered layouts/_user_nav (3.6ms)
Completed in 21ms (View: 7, DB: 0) | 200 OK [http://localhost/login]


Processing InfosController#index (for 127.0.0.1 at 2009-09-18 15:06:06) [GET]
  Parameters: {"action"=>"index", "controller"=>"infos"}
  [4;36;1mUser Load (0.3ms)[0m   [0;1mSELECT * FROM "users" WHERE ("users"."persistence_token" = '83ed0ef6ce513b8956b822153f7f032bbd33ea3406d4829ad7ca180e952950696c4a22e586c75a63adfac7cc8781da04473c0a7968636781711f552d7c2aad2b') LIMIT 1[0m
Redirected to http://localhost:3000/login
Filter chain halted as [:login_required] rendered_or_redirected.
Completed in 16ms (DB: 0) | 302 Found [http://localhost/]


Processing UserSessionsController#new (for 127.0.0.1 at 2009-09-18 15:06:06) [GET]
  Parameters: {"action"=>"new", "controller"=>"user_sessions"}
Rendering template within layouts/application
Rendering user_sessions/new
  [4;35;1mUser Load (0.3ms)[0m   [0mSELECT * FROM "users" WHERE ("users"."persistence_token" = '83ed0ef6ce513b8956b822153f7f032bbd33ea3406d4829ad7ca180e952950696c4a22e586c75a63adfac7cc8781da04473c0a7968636781711f552d7c2aad2b') LIMIT 1[0m
Rendered layouts/_user_nav (3.0ms)
Completed in 21ms (View: 6, DB: 0) | 200 OK [http://localhost/login]


Processing UsersController#new (for 127.0.0.1 at 2009-09-18 15:06:09) [GET]
  Parameters: {"action"=>"new", "controller"=>"users"}
Rendering template within layouts/application
Rendering users/new
  [4;36;1mUser Load (0.3ms)[0m   [0;1mSELECT * FROM "users" WHERE ("users"."persistence_token" = '83ed0ef6ce513b8956b822153f7f032bbd33ea3406d4829ad7ca180e952950696c4a22e586c75a63adfac7cc8781da04473c0a7968636781711f552d7c2aad2b') LIMIT 1[0m
Rendered layouts/_user_nav (7.1ms)
Completed in 24ms (View: 12, DB: 0) | 200 OK [http://localhost/signup]


Processing UsersController#create (for 127.0.0.1 at 2009-09-18 15:06:27) [POST]
  Parameters: {"commit"=>"Sign up", "action"=>"create", "authenticity_token"=>"LowYZzMNSC5ePMqVkzGTn6MK5CxWzZjuJlHnikdiK8o=", "controller"=>"users", "user"=>{"password_confirmation"=>"[FILTERED]", "username"=>"jonathan", "password"=>"[FILTERED]", "email"=>"jonathan@linowes.com"}}
  [4;35;1mUser Exists (0.2ms)[0m   [0mSELECT "users".id FROM "users" WHERE (LOWER("users"."email") = 'jonathan@linowes.com') LIMIT 1[0m
  [4;36;1mUser Exists (0.1ms)[0m   [0;1mSELECT "users".id FROM "users" WHERE (LOWER("users"."username") = 'jonathan') LIMIT 1[0m
  [4;35;1mUser Exists (0.1ms)[0m   [0mSELECT "users".id FROM "users" WHERE ("users"."persistence_token" = '493fd266b64529912bf6dc1ee90354f0b7175f53570970cca15ccda4683c188d313acab4e798c55c92ce62fead86a88793ba076ad9667eed8331551b02cbc451') LIMIT 1[0m
  [4;36;1mUser Load (0.2ms)[0m   [0;1mSELECT * FROM "users" WHERE ("users"."persistence_token" = '83ed0ef6ce513b8956b822153f7f032bbd33ea3406d4829ad7ca180e952950696c4a22e586c75a63adfac7cc8781da04473c0a7968636781711f552d7c2aad2b') LIMIT 1[0m
  [4;35;1mUser Create (0.5ms)[0m   [0mINSERT INTO "users" ("created_at", "crypted_password", "updated_at", "username", "password_salt", "persistence_token", "email") VALUES('2009-09-18 19:06:27', 'cb8b0945766c2501f33d6745fbb87aafdba190cd5acd60541c1349a14347e6d136671648f3c74c612ae452f68dc60d842f400892522a8ed9ea7fce888a568983', '2009-09-18 19:06:27', 'jonathan', 'b8ViU_432Wjf03E7dMIj', '493fd266b64529912bf6dc1ee90354f0b7175f53570970cca15ccda4683c188d313acab4e798c55c92ce62fead86a88793ba076ad9667eed8331551b02cbc451', 'jonathan@linowes.com')[0m
Redirected to http://localhost:3000/
Completed in 27ms (DB: 1) | 302 Found [http://localhost/users]


Processing InfosController#index (for 127.0.0.1 at 2009-09-18 15:06:27) [GET]
  Parameters: {"action"=>"index", "controller"=>"infos"}
  [4;36;1mUser Load (0.5ms)[0m   [0;1mSELECT * FROM "users" WHERE ("users"."persistence_token" = '493fd266b64529912bf6dc1ee90354f0b7175f53570970cca15ccda4683c188d313acab4e798c55c92ce62fead86a88793ba076ad9667eed8331551b02cbc451') LIMIT 1[0m
  [4;35;1mInfo Load (0.4ms)[0m   [0mSELECT * FROM "infos" [0m
Rendering template within layouts/application
Rendering infos/index
Rendered layouts/_user_nav (0.3ms)
Completed in 31ms (View: 7, DB: 1) | 200 OK [http://localhost/]


Processing UsersController#show (for 127.0.0.1 at 2009-09-18 15:06:32) [GET]
  Parameters: {"action"=>"show", "id"=>"current", "controller"=>"users"}

ActionController::UnknownAction (No action responded to show. Actions: create, current_user, current_user_session, logged_in?, login_required, new, and redirect_to_target_or_default):
  

Rendering rescues/layout (not_found)


Processing UsersController#show (for 127.0.0.1 at 2009-09-18 15:10:54) [GET]
  Parameters: {"action"=>"show", "id"=>"current", "controller"=>"users"}
  [4;36;1mUser Load (0.5ms)[0m   [0;1mSELECT * FROM "users" WHERE ("users"."persistence_token" = '493fd266b64529912bf6dc1ee90354f0b7175f53570970cca15ccda4683c188d313acab4e798c55c92ce62fead86a88793ba076ad9667eed8331551b02cbc451') LIMIT 1[0m
Rendering template within layouts/application
Rendering users/show
Rendered layouts/_user_nav (0.3ms)
Completed in 26ms (View: 6, DB: 0) | 200 OK [http://localhost/users/current]


Processing UsersController#edit (for 127.0.0.1 at 2009-09-18 15:10:58) [GET]
  Parameters: {"action"=>"edit", "id"=>"1", "controller"=>"users"}
  [4;35;1mUser Load (0.5ms)[0m   [0mSELECT * FROM "users" WHERE ("users"."persistence_token" = '493fd266b64529912bf6dc1ee90354f0b7175f53570970cca15ccda4683c188d313acab4e798c55c92ce62fead86a88793ba076ad9667eed8331551b02cbc451') LIMIT 1[0m
Rendering template within layouts/application
Rendering users/edit
Rendered layouts/_user_nav (0.3ms)
Completed in 27ms (View: 8, DB: 0) | 200 OK [http://localhost/users/1/edit]


Processing InfosController#index (for 127.0.0.1 at 2009-09-18 15:11:01) [GET]
  Parameters: {"action"=>"index", "controller"=>"infos"}
  [4;36;1mUser Load (0.5ms)[0m   [0;1mSELECT * FROM "users" WHERE ("users"."persistence_token" = '493fd266b64529912bf6dc1ee90354f0b7175f53570970cca15ccda4683c188d313acab4e798c55c92ce62fead86a88793ba076ad9667eed8331551b02cbc451') LIMIT 1[0m
  [4;35;1mInfo Load (0.4ms)[0m   [0mSELECT * FROM "infos" [0m
Rendering template within layouts/application
Rendering infos/index
Rendered layouts/_user_nav (0.3ms)
Completed in 28ms (View: 6, DB: 1) | 200 OK [http://localhost/]


Processing InfosController#index (for 127.0.0.1 at 2009-09-18 15:11:04) [GET]
  Parameters: {"action"=>"index", "controller"=>"infos"}
  [4;36;1mUser Load (0.5ms)[0m   [0;1mSELECT * FROM "users" WHERE ("users"."persistence_token" = '493fd266b64529912bf6dc1ee90354f0b7175f53570970cca15ccda4683c188d313acab4e798c55c92ce62fead86a88793ba076ad9667eed8331551b02cbc451') LIMIT 1[0m
  [4;35;1mInfo Load (0.4ms)[0m   [0mSELECT * FROM "infos" [0m
Rendering template within layouts/application
Rendering infos/index
Rendered layouts/_user_nav (0.3ms)
Completed in 29ms (View: 6, DB: 1) | 200 OK [http://localhost/]


Processing UsersController#show (for 127.0.0.1 at 2009-09-18 15:11:05) [GET]
  Parameters: {"action"=>"show", "id"=>"current", "controller"=>"users"}
  [4;36;1mUser Load (0.5ms)[0m   [0;1mSELECT * FROM "users" WHERE ("users"."persistence_token" = '493fd266b64529912bf6dc1ee90354f0b7175f53570970cca15ccda4683c188d313acab4e798c55c92ce62fead86a88793ba076ad9667eed8331551b02cbc451') LIMIT 1[0m
Rendering template within layouts/application
Rendering users/show
Rendered layouts/_user_nav (0.3ms)
Completed in 21ms (View: 2, DB: 0) | 200 OK [http://localhost/users/current]


Processing UserSessionsController#destroy (for 127.0.0.1 at 2009-09-18 15:11:07) [GET]
  Parameters: {"action"=>"destroy", "controller"=>"user_sessions"}
  [4;35;1mUser Load (0.5ms)[0m   [0mSELECT * FROM "users" WHERE ("users"."persistence_token" = '493fd266b64529912bf6dc1ee90354f0b7175f53570970cca15ccda4683c188d313acab4e798c55c92ce62fead86a88793ba076ad9667eed8331551b02cbc451') LIMIT 1[0m
Redirected to http://localhost:3000/
Completed in 19ms (DB: 0) | 302 Found [http://localhost/logout]


Processing InfosController#index (for 127.0.0.1 at 2009-09-18 15:11:07) [GET]
  Parameters: {"action"=>"index", "controller"=>"infos"}
Redirected to http://localhost:3000/login
Filter chain halted as [:login_required] rendered_or_redirected.
Completed in 14ms (DB: 0) | 302 Found [http://localhost/]


Processing UserSessionsController#new (for 127.0.0.1 at 2009-09-18 15:11:07) [GET]
  Parameters: {"action"=>"new", "controller"=>"user_sessions"}
Rendering template within layouts/application
Rendering user_sessions/new
Rendered layouts/_user_nav (1.1ms)
Completed in 20ms (View: 5, DB: 0) | 200 OK [http://localhost/login]


Processing UserSessionsController#create (for 127.0.0.1 at 2009-09-18 15:12:35) [POST]
  Parameters: {"commit"=>"Log in", "user_session"=>{"username"=>"jonathan ", "password"=>"[FILTERED]"}, "action"=>"create", "authenticity_token"=>"LowYZzMNSC5ePMqVkzGTn6MK5CxWzZjuJlHnikdiK8o=", "controller"=>"user_sessions"}
  [4;36;1mUser Load (0.3ms)[0m   [0;1mSELECT * FROM "users" WHERE (LOWER("users".username) = 'jonathan ') LIMIT 1[0m
Rendering template within layouts/application
Rendering user_sessions/new
Rendered layouts/_user_nav (1.7ms)
Completed in 30ms (View: 7, DB: 0) | 200 OK [http://localhost/user_sessions]


Processing UserSessionsController#create (for 127.0.0.1 at 2009-09-18 15:12:52) [POST]
  Parameters: {"commit"=>"Log in", "user_session"=>{"username"=>"jonathan", "password"=>"[FILTERED]"}, "action"=>"create", "authenticity_token"=>"LowYZzMNSC5ePMqVkzGTn6MK5CxWzZjuJlHnikdiK8o=", "controller"=>"user_sessions"}
  [4;35;1mUser Load (0.6ms)[0m   [0mSELECT * FROM "users" WHERE (LOWER("users".username) = 'jonathan') LIMIT 1[0m
Redirected to http://localhost:3000/
Completed in 27ms (DB: 1) | 302 Found [http://localhost/user_sessions]


Processing InfosController#index (for 127.0.0.1 at 2009-09-18 15:12:52) [GET]
  Parameters: {"action"=>"index", "controller"=>"infos"}
  [4;36;1mUser Load (0.5ms)[0m   [0;1mSELECT * FROM "users" WHERE ("users"."id" = '1') LIMIT 1[0m
  [4;35;1mInfo Load (0.5ms)[0m   [0mSELECT * FROM "infos" [0m
Rendering template within layouts/application
Rendering infos/index
Rendered layouts/_user_nav (0.4ms)
Completed in 36ms (View: 8, DB: 1) | 200 OK [http://localhost/]


Processing UsersController#show (for 127.0.0.1 at 2009-09-18 15:12:56) [GET]
  Parameters: {"action"=>"show", "id"=>"current", "controller"=>"users"}
  [4;36;1mUser Load (0.5ms)[0m   [0;1mSELECT * FROM "users" WHERE ("users"."id" = '1') LIMIT 1[0m
Rendering template within layouts/application
Rendering users/show
Rendered layouts/_user_nav (0.3ms)
Completed in 21ms (View: 2, DB: 0) | 200 OK [http://localhost/users/current]


Processing UsersController#edit (for 127.0.0.1 at 2009-09-18 15:13:10) [GET]
  Parameters: {"action"=>"edit", "id"=>"1", "controller"=>"users"}
  [4;35;1mUser Load (0.4ms)[0m   [0mSELECT * FROM "users" WHERE ("users"."id" = '1') LIMIT 1[0m
Rendering template within layouts/application
Rendering users/edit
Rendered layouts/_user_nav (0.3ms)
Completed in 22ms (View: 4, DB: 0) | 200 OK [http://localhost/users/1/edit]


Processing UsersController#update (for 127.0.0.1 at 2009-09-18 15:13:19) [PUT]
  Parameters: {"commit"=>"Submit", "action"=>"update", "_method"=>"put", "authenticity_token"=>"LowYZzMNSC5ePMqVkzGTn6MK5CxWzZjuJlHnikdiK8o=", "id"=>"1", "controller"=>"users", "user"=>{"password_confirmation"=>"[FILTERED]", "password"=>"[FILTERED]", "email"=>"lisa@linowes.com"}}
  [4;36;1mUser Load (0.6ms)[0m   [0;1mSELECT * FROM "users" WHERE ("users"."id" = '1') LIMIT 1[0m
  [4;35;1mUser Exists (0.2ms)[0m   [0mSELECT "users".id FROM "users" WHERE (LOWER("users"."email") = 'lisa@linowes.com' AND "users".id <> 1) LIMIT 1[0m
  [4;36;1mUser Update (0.5ms)[0m   [0;1mUPDATE "users" SET "updated_at" = '2009-09-18 19:13:19', "email" = 'lisa@linowes.com' WHERE "id" = 1[0m
Redirected to http://localhost:3000/
Completed in 26ms (DB: 1) | 302 Found [http://localhost/users/1]


Processing InfosController#index (for 127.0.0.1 at 2009-09-18 15:13:19) [GET]
  Parameters: {"action"=>"index", "controller"=>"infos"}
  [4;35;1mUser Load (0.5ms)[0m   [0mSELECT * FROM "users" WHERE ("users"."id" = '1') LIMIT 1[0m
  [4;36;1mInfo Load (0.4ms)[0m   [0;1mSELECT * FROM "infos" [0m
Rendering template within layouts/application
Rendering infos/index
Rendered layouts/_user_nav (0.3ms)
Completed in 31ms (View: 6, DB: 1) | 200 OK [http://localhost/]


Processing UsersController#show (for 127.0.0.1 at 2009-09-18 15:13:22) [GET]
  Parameters: {"action"=>"show", "id"=>"current", "controller"=>"users"}
  [4;35;1mUser Load (0.5ms)[0m   [0mSELECT * FROM "users" WHERE ("users"."id" = '1') LIMIT 1[0m
Rendering template within layouts/application
Rendering users/show
Rendered layouts/_user_nav (0.4ms)
Completed in 23ms (View: 2, DB: 0) | 200 OK [http://localhost/users/current]


Processing UserSessionsController#destroy (for 127.0.0.1 at 2009-09-18 15:13:28) [GET]
  Parameters: {"action"=>"destroy", "controller"=>"user_sessions"}
  [4;36;1mUser Load (0.4ms)[0m   [0;1mSELECT * FROM "users" WHERE ("users"."id" = '1') LIMIT 1[0m
Redirected to http://localhost:3000/
Completed in 19ms (DB: 0) | 302 Found [http://localhost/logout]


Processing InfosController#index (for 127.0.0.1 at 2009-09-18 15:13:28) [GET]
  Parameters: {"action"=>"index", "controller"=>"infos"}
Redirected to http://localhost:3000/login
Filter chain halted as [:login_required] rendered_or_redirected.
Completed in 14ms (DB: 0) | 302 Found [http://localhost/]


Processing UserSessionsController#new (for 127.0.0.1 at 2009-09-18 15:13:28) [GET]
  Parameters: {"action"=>"new", "controller"=>"user_sessions"}
Rendering template within layouts/application
Rendering user_sessions/new
Rendered layouts/_user_nav (1.1ms)
Completed in 18ms (View: 5, DB: 0) | 200 OK [http://localhost/login]
